######################## Mode 6 : 1_SGDSVM ###########################
########################################################################

Cross validation testing...

For margin = 10
Training for epochs =  10 learning rate =  10 Testing on  ['CVSplits/training00.data']
Loading...
Loading...
Loading...
Loading...
Loading...
Loading...
Loading...
Loading...
Loading...
Loading...
Training for epochs =  10 learning rate =  10 Testing on  ['CVSplits/training01.data']
Loading...
Loading...
Loading...
Loading...
Loading...
Loading...
Loading...
Loading...
Loading...
Loading...
Training for epochs =  10 learning rate =  10 Testing on  ['CVSplits/training02.data']
Loading...
Loading...
Loading...
Loading...
Loading...
Loading...
Loading...
Loading...
Loading...
Loading...
Training for epochs =  10 learning rate =  10 Testing on  ['CVSplits/training03.data']
Loading...
Loading...
Loading...
Loading...
Loading...
Loading...
Loading...
Loading...
Loading...
Loading...
Training for epochs =  10 learning rate =  10 Testing on  ['CVSplits/training04.data']
Loading...
Loading...
Loading...
Loading...
Loading...
Loading...
Loading...
Loading...
Loading...
Loading...
Training for epochs =  10 learning rate =  1 Testing on  ['CVSplits/training00.data']
Loading...
Loading...
Loading...
Loading...
Loading...
Loading...
Loading...
Loading...
Loading...
Loading...
Training for epochs =  10 learning rate =  1 Testing on  ['CVSplits/training01.data']
Loading...
Loading...
Loading...
Loading...
Loading...
Loading...
Loading...
Loading...
Loading...
Loading...
Training for epochs =  10 learning rate =  1 Testing on  ['CVSplits/training02.data']
Loading...
Loading...
Loading...
Loading...
Loading...
Loading...
Loading...
Loading...
Loading...
Loading...
Training for epochs =  10 learning rate =  1 Testing on  ['CVSplits/training03.data']
Loading...
Loading...
Loading...
Loading...
Loading...
Loading...
Loading...
Loading...
Loading...
Loading...
Training for epochs =  10 learning rate =  1 Testing on  ['CVSplits/training04.data']
Loading...
Loading...
Loading...
Loading...
Loading...
Loading...
Loading...
Loading...
Loading...
Loading...
Training for epochs =  10 learning rate =  0.1 Testing on  ['CVSplits/training00.data']
Loading...
Loading...
Loading...
Loading...
Loading...
Loading...
Loading...
Loading...
Loading...
Loading...
Training for epochs =  10 learning rate =  0.1 Testing on  ['CVSplits/training01.data']
Loading...
Loading...
Loading...
Loading...
Loading...
Loading...
Loading...
Loading...
Loading...
Loading...
Training for epochs =  10 learning rate =  0.1 Testing on  ['CVSplits/training02.data']
Loading...
Loading...
Loading...
Loading...
Loading...
Loading...
Loading...
Loading...
Loading...
Loading...
Training for epochs =  10 learning rate =  0.1 Testing on  ['CVSplits/training03.data']
Loading...
Loading...
Loading...
Loading...
Loading...
Loading...
Loading...
Loading...
Loading...
Loading...
Training for epochs =  10 learning rate =  0.1 Testing on  ['CVSplits/training04.data']
Loading...
Loading...
Loading...
Loading...
Loading...
Loading...
Loading...
Loading...
Loading...
Loading...
Training for epochs =  10 learning rate =  0.01 Testing on  ['CVSplits/training00.data']
Loading...
Loading...
Loading...
Loading...
Loading...
Loading...
Loading...
Loading...
Loading...
Loading...
Training for epochs =  10 learning rate =  0.01 Testing on  ['CVSplits/training01.data']
Loading...
Loading...
Loading...
Loading...
Loading...
Loading...
Loading...
Loading...
Loading...
Loading...
Training for epochs =  10 learning rate =  0.01 Testing on  ['CVSplits/training02.data']
Loading...
Loading...
Loading...
Loading...
Loading...
Loading...
Loading...
Loading...
Loading...
Loading...
Training for epochs =  10 learning rate =  0.01 Testing on  ['CVSplits/training03.data']
Loading...
Loading...
Loading...
Loading...
Loading...
Loading...
Loading...
Loading...
Loading...
Loading...
Training for epochs =  10 learning rate =  0.01 Testing on  ['CVSplits/training04.data']
Loading...
Loading...
Loading...
Loading...
Loading...
Loading...
Loading...
Loading...
Loading...
Loading...
Training for epochs =  10 learning rate =  0.001 Testing on  ['CVSplits/training00.data']
Loading...
Loading...
Loading...
Loading...
Loading...
Loading...
Loading...
Loading...
Loading...
Loading...
Training for epochs =  10 learning rate =  0.001 Testing on  ['CVSplits/training01.data']
Loading...
Loading...
Loading...
Loading...
Loading...
Loading...
Loading...
Loading...
Loading...
Loading...
Training for epochs =  10 learning rate =  0.001 Testing on  ['CVSplits/training02.data']
Loading...
Loading...
Loading...
Loading...
Loading...
Loading...
Loading...
Loading...
Loading...
Loading...
Training for epochs =  10 learning rate =  0.001 Testing on  ['CVSplits/training03.data']
Loading...
Loading...
Loading...
Loading...
Loading...
Loading...
Loading...
Loading...
Loading...
Loading...
Training for epochs =  10 learning rate =  0.001 Testing on  ['CVSplits/training04.data']
Loading...
Loading...
Loading...
Loading...
Loading...
Loading...
Loading...
Loading...
Loading...
Loading...
Training for epochs =  10 learning rate =  0.001 Testing on  ['CVSplits/training00.data']
Loading...
Loading...
Loading...
Loading...
Loading...
Loading...
Loading...
Loading...
Loading...
Loading...
Training for epochs =  10 learning rate =  0.001 Testing on  ['CVSplits/training01.data']
Loading...
Loading...
Loading...
Loading...
Loading...
Loading...
Loading...
Loading...
Loading...
Loading...
Training for epochs =  10 learning rate =  0.001 Testing on  ['CVSplits/training02.data']
Loading...
Loading...
Loading...
Loading...
Loading...
Loading...
Loading...
Loading...
Loading...
Loading...
Training for epochs =  10 learning rate =  0.001 Testing on  ['CVSplits/training03.data']
Loading...
Loading...
Loading...
Loading...
Loading...
Loading...
Loading...
Loading...
Loading...
Loading...
Training for epochs =  10 learning rate =  0.001 Testing on  ['CVSplits/training04.data']
Loading...
Loading...
Loading...
Loading...
Loading...
Loading...
Loading...
Loading...
Loading...
Loading...
Epoch: 1
[ 10 , 0.0106  +- 0.009 ] [ 1 , 0.211  +- 0.5789 ] [ 0.1 , 0.5415  +- 0.1837 ] [ 0.01 , 0.6182  +- 0.1478 ] [ 0.001 , 0.7991  +- 0.0426 ] [ 0.001 , 0.7878  +- 0.0979 ] 
Epoch: 2
[ 10 , 0.0106  +- 0.009 ] [ 1 , 0.3787  +- 0.4265 ] [ 0.1 , 0.5478  +- 0.194 ] [ 0.01 , 0.6331  +- 0.2136 ] [ 0.001 , 0.7456  +- 0.1912 ] [ 0.001 , 0.7576  +- 0.1241 ] 
Epoch: 3
[ 10 , 0.0106  +- 0.009 ] [ 1 , 0.4794  +- 0.0583 ] [ 0.1 , 0.5135  +- 0.0789 ] [ 0.01 , 0.6316  +- 0.2159 ] [ 0.001 , 0.7711  +- 0.1123 ] [ 0.001 , 0.7953  +- 0.0834 ] 
Epoch: 4
[ 10 , 0.0106  +- 0.009 ] [ 1 , 0.3114  +- 0.5699 ] [ 0.1 , 0.5845  +- 0.2024 ] [ 0.01 , 0.6537  +- 0.1318 ] [ 0.001 , 0.7378  +- 0.0759 ] [ 0.001 , 0.7832  +- 0.0891 ] 
Epoch: 5
[ 10 , 0.0106  +- 0.009 ] [ 1 , 0.4  +- 0.4534 ] [ 0.1 , 0.5653  +- 0.1398 ] [ 0.01 , 0.6266  +- 0.1461 ] [ 0.001 , 0.7981  +- 0.0335 ] [ 0.001 , 0.775  +- 0.1071 ] 
Epoch: 6
[ 10 , 0.0106  +- 0.009 ] [ 1 , 0.4089  +- 0.4597 ] [ 0.1 , 0.6218  +- 0.1248 ] [ 0.01 , 0.6139  +- 0.1465 ] [ 0.001 , 0.7625  +- 0.1304 ] [ 0.001 , 0.8102  +- 0.0441 ] 
Epoch: 7
[ 10 , 0.0106  +- 0.009 ] [ 1 , 0.189  +- 0.5186 ] [ 0.1 , 0.5095  +- 0.0787 ] [ 0.01 , 0.6959  +- 0.123 ] [ 0.001 , 0.763  +- 0.0664 ] [ 0.001 , 0.7722  +- 0.0778 ] 
Epoch: 8
[ 10 , 0.0106  +- 0.009 ] [ 1 , 0.1904  +- 0.5229 ] [ 0.1 , 0.4922  +- 0.0947 ] [ 0.01 , 0.6432  +- 0.229 ] [ 0.001 , 0.7839  +- 0.0824 ] [ 0.001 , 0.7722  +- 0.1792 ] 
Epoch: 9
[ 10 , 0.0106  +- 0.009 ] [ 1 , 0.378  +- 0.4255 ] [ 0.1 , 0.5707  +- 0.1759 ] [ 0.01 , 0.6373  +- 0.1616 ] [ 0.001 , 0.7689  +- 0.1557 ] [ 0.001 , 0.7647  +- 0.1062 ] 
Epoch: 10
[ 10 , 0.0106  +- 0.009 ] [ 1 , 0.2879  +- 0.5273 ] [ 0.1 , 0.5142  +- 0.0829 ] [ 0.01 , 0.5852  +- 0.1588 ] [ 0.001 , 0.7498  +- 0.0761 ] [ 0.001 , 0.7853  +- 0.1025 ] 
Max mean accuracy was for  6 epochs, with learning rate 0.001 [ 0.8102 +- 0.0441 ]

For margin = 1
Training for epochs =  10 learning rate =  10 Testing on  ['CVSplits/training00.data']
Loading...
Loading...
Loading...
Loading...
Loading...
Loading...
Loading...
Loading...
Loading...
Loading...
Training for epochs =  10 learning rate =  10 Testing on  ['CVSplits/training01.data']
Loading...
Loading...
Loading...
Loading...
Loading...
Loading...
Loading...
Loading...
Loading...
Loading...
Training for epochs =  10 learning rate =  10 Testing on  ['CVSplits/training02.data']
Loading...
Loading...
Loading...
Loading...
Loading...
Loading...
Loading...
Loading...
Loading...
Loading...
Training for epochs =  10 learning rate =  10 Testing on  ['CVSplits/training03.data']
Loading...
Loading...
Loading...
Loading...
Loading...
Loading...
Loading...
Loading...
Loading...
Loading...
Training for epochs =  10 learning rate =  10 Testing on  ['CVSplits/training04.data']
Loading...
Loading...
Loading...
Loading...
Loading...
Loading...
Loading...
Loading...
Loading...
Loading...
Training for epochs =  10 learning rate =  1 Testing on  ['CVSplits/training00.data']
Loading...
Loading...
Loading...
Loading...
Loading...
Loading...
Loading...
Loading...
Loading...
Loading...
Training for epochs =  10 learning rate =  1 Testing on  ['CVSplits/training01.data']
Loading...
Loading...
Loading...
Loading...
Loading...
Loading...
Loading...
Loading...
Loading...
Loading...
Training for epochs =  10 learning rate =  1 Testing on  ['CVSplits/training02.data']
Loading...
Loading...
Loading...
Loading...
Loading...
Loading...
Loading...
Loading...
Loading...
Loading...
Training for epochs =  10 learning rate =  1 Testing on  ['CVSplits/training03.data']
Loading...
Loading...
Loading...
Loading...
Loading...
Loading...
Loading...
Loading...
Loading...
Loading...
Training for epochs =  10 learning rate =  1 Testing on  ['CVSplits/training04.data']
Loading...
Loading...
Loading...
Loading...
Loading...
Loading...
Loading...
Loading...
Loading...
Loading...
Training for epochs =  10 learning rate =  0.1 Testing on  ['CVSplits/training00.data']
Loading...
Loading...
Loading...
Loading...
Loading...
Loading...
Loading...
Loading...
Loading...
Loading...
Training for epochs =  10 learning rate =  0.1 Testing on  ['CVSplits/training01.data']
Loading...
Loading...
Loading...
Loading...
Loading...
Loading...
Loading...
Loading...
Loading...
Loading...
Training for epochs =  10 learning rate =  0.1 Testing on  ['CVSplits/training02.data']
Loading...
Loading...
Loading...
Loading...
Loading...
Loading...
Loading...
Loading...
Loading...
Loading...
Training for epochs =  10 learning rate =  0.1 Testing on  ['CVSplits/training03.data']
Loading...
Loading...
Loading...
Loading...
Loading...
Loading...
Loading...
Loading...
Loading...
Loading...
Training for epochs =  10 learning rate =  0.1 Testing on  ['CVSplits/training04.data']
Loading...
Loading...
Loading...
Loading...
Loading...
Loading...
Loading...
Loading...
Loading...
Loading...
Training for epochs =  10 learning rate =  0.01 Testing on  ['CVSplits/training00.data']
Loading...
Loading...
Loading...
Loading...
Loading...
Loading...
Loading...
Loading...
Loading...
Loading...
Training for epochs =  10 learning rate =  0.01 Testing on  ['CVSplits/training01.data']
Loading...
Loading...
Loading...
Loading...
Loading...
Loading...
Loading...
Loading...
Loading...
Loading...
Training for epochs =  10 learning rate =  0.01 Testing on  ['CVSplits/training02.data']
Loading...
Loading...
Loading...
Loading...
Loading...
Loading...
Loading...
Loading...
Loading...
Loading...
Training for epochs =  10 learning rate =  0.01 Testing on  ['CVSplits/training03.data']
Loading...
Loading...
Loading...
Loading...
Loading...
Loading...
Loading...
Loading...
Loading...
Loading...
Training for epochs =  10 learning rate =  0.01 Testing on  ['CVSplits/training04.data']
Loading...
Loading...
Loading...
Loading...
Loading...
Loading...
Loading...
Loading...
Loading...
Loading...
Training for epochs =  10 learning rate =  0.001 Testing on  ['CVSplits/training00.data']
Loading...
Loading...
Loading...
Loading...
Loading...
Loading...
Loading...
Loading...
Loading...
Loading...
Training for epochs =  10 learning rate =  0.001 Testing on  ['CVSplits/training01.data']
Loading...
Loading...
Loading...
Loading...
Loading...
Loading...
Loading...
Loading...
Loading...
Loading...
Training for epochs =  10 learning rate =  0.001 Testing on  ['CVSplits/training02.data']
Loading...
Loading...
Loading...
Loading...
Loading...
Loading...
Loading...
Loading...
Loading...
Loading...
Training for epochs =  10 learning rate =  0.001 Testing on  ['CVSplits/training03.data']
Loading...
Loading...
Loading...
Loading...
Loading...
Loading...
Loading...
Loading...
Loading...
Loading...
Training for epochs =  10 learning rate =  0.001 Testing on  ['CVSplits/training04.data']
Loading...
Loading...
Loading...
Loading...
Loading...
Loading...
Loading...
Loading...
Loading...
Loading...
Training for epochs =  10 learning rate =  0.001 Testing on  ['CVSplits/training00.data']
Loading...
Loading...
Loading...
Loading...
Loading...
Loading...
Loading...
Loading...
Loading...
Loading...
Training for epochs =  10 learning rate =  0.001 Testing on  ['CVSplits/training01.data']
Loading...
Loading...
Loading...
Loading...
Loading...
Loading...
Loading...
Loading...
Loading...
Loading...
Training for epochs =  10 learning rate =  0.001 Testing on  ['CVSplits/training02.data']
Loading...
Loading...
Loading...
Loading...
Loading...
Loading...
Loading...
Loading...
Loading...
Loading...
Training for epochs =  10 learning rate =  0.001 Testing on  ['CVSplits/training03.data']
Loading...
Loading...
Loading...
Loading...
Loading...
Loading...
Loading...
Loading...
Loading...
Loading...
Training for epochs =  10 learning rate =  0.001 Testing on  ['CVSplits/training04.data']
Loading...
Loading...
Loading...
Loading...
Loading...
Loading...
Loading...
Loading...
Loading...
Loading...
Epoch: 1
[ 10 , 0.0078  +- 0.0096 ] [ 1 , 0.4003  +- 0.4537 ] [ 0.1 , 0.4861  +- 0.0525 ] [ 0.01 , 0.6449  +- 0.2048 ] [ 0.001 , 0.7694  +- 0.0836 ] [ 0.001 , 0.7988  +- 0.0339 ] 
Epoch: 2
[ 10 , 0.0078  +- 0.0096 ] [ 1 , 0.2107  +- 0.578 ] [ 0.1 , 0.545  +- 0.2103 ] [ 0.01 , 0.6192  +- 0.1634 ] [ 0.001 , 0.7857  +- 0.0619 ] [ 0.001 , 0.7506  +- 0.168 ] 
Epoch: 3
[ 10 , 0.0078  +- 0.0096 ] [ 1 , 0.3787  +- 0.4265 ] [ 0.1 , 0.5649  +- 0.14 ] [ 0.01 , 0.6358  +- 0.2261 ] [ 0.001 , 0.7729  +- 0.0854 ] [ 0.001 , 0.7949  +- 0.0403 ] 
Epoch: 4
[ 10 , 0.0078  +- 0.0096 ] [ 1 , 0.2897  +- 0.5308 ] [ 0.1 , 0.5313  +- 0.0815 ] [ 0.01 , 0.6816  +- 0.1479 ] [ 0.001 , 0.7605  +- 0.1529 ] [ 0.001 , 0.7786  +- 0.1011 ] 
Epoch: 5
[ 10 , 0.0078  +- 0.0096 ] [ 1 , 0.0993  +- 0.444 ] [ 0.1 , 0.5327  +- 0.0919 ] [ 0.01 , 0.6114  +- 0.1804 ] [ 0.001 , 0.7999  +- 0.0302 ] [ 0.001 , 0.803  +- 0.0208 ] 
Epoch: 6
[ 10 , 0.0078  +- 0.0096 ] [ 1 , 0.311  +- 0.5694 ] [ 0.1 , 0.5042  +- 0.0726 ] [ 0.01 , 0.6098  +- 0.2085 ] [ 0.001 , 0.7977  +- 0.0429 ] [ 0.001 , 0.7835  +- 0.0446 ] 
Epoch: 7
[ 10 , 0.0078  +- 0.0096 ] [ 1 , 0.2904  +- 0.5322 ] [ 0.1 , 0.5602  +- 0.2076 ] [ 0.01 , 0.6238  +- 0.1468 ] [ 0.001 , 0.791  +- 0.0332 ] [ 0.001 , 0.7913  +- 0.0169 ] 
Epoch: 8
[ 10 , 0.0078  +- 0.0096 ] [ 1 , 0.3004  +- 0.5534 ] [ 0.1 , 0.5046  +- 0.0759 ] [ 0.01 , 0.6555  +- 0.1987 ] [ 0.001 , 0.7924  +- 0.0331 ] [ 0.001 , 0.7843  +- 0.037 ] 
Epoch: 9
[ 10 , 0.0078  +- 0.0096 ] [ 1 , 0.3117  +- 0.5706 ] [ 0.1 , 0.5049  +- 0.1103 ] [ 0.01 , 0.6036  +- 0.1616 ] [ 0.001 , 0.7818  +- 0.0444 ] [ 0.001 , 0.7931  +- 0.028 ] 
Epoch: 10
[ 10 , 0.0078  +- 0.0096 ] [ 1 , 0.5  +- 0.0743 ] [ 0.1 , 0.5205  +- 0.1688 ] [ 0.01 , 0.6643  +- 0.1372 ] [ 0.001 , 0.7952  +- 0.0104 ] [ 0.001 , 0.7789  +- 0.0339 ] 
Max mean accuracy was for  5 epochs, with learning rate 0.001 [ 0.803 +- 0.0208 ]

For margin = 0.1
Training for epochs =  10 learning rate =  10 Testing on  ['CVSplits/training00.data']
Loading...
Loading...
Loading...
Loading...
Loading...
Loading...
Loading...
Loading...
Loading...
Loading...
Training for epochs =  10 learning rate =  10 Testing on  ['CVSplits/training01.data']
Loading...
Loading...
Loading...
Loading...
Loading...
Loading...
Loading...
Loading...
Loading...
Loading...
Training for epochs =  10 learning rate =  10 Testing on  ['CVSplits/training02.data']
Loading...
Loading...
Loading...
Loading...
Loading...
Loading...
Loading...
Loading...
Loading...
Loading...
Training for epochs =  10 learning rate =  10 Testing on  ['CVSplits/training03.data']
Loading...
Loading...
Loading...
Loading...
Loading...
Loading...
Loading...
Loading...
Loading...
Loading...
Training for epochs =  10 learning rate =  10 Testing on  ['CVSplits/training04.data']
Loading...
Loading...
Loading...
Loading...
Loading...
Loading...
Loading...
Loading...
Loading...
Loading...
Training for epochs =  10 learning rate =  1 Testing on  ['CVSplits/training00.data']
Loading...
Loading...
Loading...
Loading...
Loading...
Loading...
Loading...
Loading...
Loading...
Loading...
Training for epochs =  10 learning rate =  1 Testing on  ['CVSplits/training01.data']
Loading...
Loading...
Loading...
Loading...
Loading...
Loading...
Loading...
Loading...
Loading...
Loading...
Training for epochs =  10 learning rate =  1 Testing on  ['CVSplits/training02.data']
Loading...
Loading...
Loading...
Loading...
Loading...
Loading...
Loading...
Loading...
Loading...
Loading...
Training for epochs =  10 learning rate =  1 Testing on  ['CVSplits/training03.data']
Loading...
Loading...
Loading...
Loading...
Loading...
Loading...
Loading...
Loading...
Loading...
Loading...
Training for epochs =  10 learning rate =  1 Testing on  ['CVSplits/training04.data']
Loading...
Loading...
Loading...
Loading...
Loading...
Loading...
Loading...
Loading...
Loading...
Loading...
Training for epochs =  10 learning rate =  0.1 Testing on  ['CVSplits/training00.data']
Loading...
Loading...
Loading...
Loading...
Loading...
Loading...
Loading...
Loading...
Loading...
Loading...
Training for epochs =  10 learning rate =  0.1 Testing on  ['CVSplits/training01.data']
Loading...
Loading...
Loading...
Loading...
Loading...
Loading...
Loading...
Loading...
Loading...
Loading...
Training for epochs =  10 learning rate =  0.1 Testing on  ['CVSplits/training02.data']
Loading...
Loading...
Loading...
Loading...
Loading...
Loading...
Loading...
Loading...
Loading...
Loading...
Training for epochs =  10 learning rate =  0.1 Testing on  ['CVSplits/training03.data']
Loading...
Loading...
Loading...
Loading...
Loading...
Loading...
Loading...
Loading...
Loading...
Loading...
Training for epochs =  10 learning rate =  0.1 Testing on  ['CVSplits/training04.data']
Loading...
Loading...
Loading...
Loading...
Loading...
Loading...
Loading...
Loading...
Loading...
Loading...
Training for epochs =  10 learning rate =  0.01 Testing on  ['CVSplits/training00.data']
Loading...
Loading...
Loading...
Loading...
Loading...
Loading...
Loading...
Loading...
Loading...
Loading...
Training for epochs =  10 learning rate =  0.01 Testing on  ['CVSplits/training01.data']
Loading...
Loading...
Loading...
Loading...
Loading...
Loading...
Loading...
Loading...
Loading...
Loading...
Training for epochs =  10 learning rate =  0.01 Testing on  ['CVSplits/training02.data']
Loading...
Loading...
Loading...
Loading...
Loading...
Loading...
Loading...
Loading...
Loading...
Loading...
Training for epochs =  10 learning rate =  0.01 Testing on  ['CVSplits/training03.data']
Loading...
Loading...
Loading...
Loading...
Loading...
Loading...
Loading...
Loading...
Loading...
Loading...
Training for epochs =  10 learning rate =  0.01 Testing on  ['CVSplits/training04.data']
Loading...
Loading...
Loading...
Loading...
Loading...
Loading...
Loading...
Loading...
Loading...
Loading...
Training for epochs =  10 learning rate =  0.001 Testing on  ['CVSplits/training00.data']
Loading...
Loading...
Loading...
Loading...
Loading...
Loading...
Loading...
Loading...
Loading...
Loading...
Training for epochs =  10 learning rate =  0.001 Testing on  ['CVSplits/training01.data']
Loading...
Loading...
Loading...
Loading...
Loading...
Loading...
Loading...
Loading...
Loading...
Loading...
Training for epochs =  10 learning rate =  0.001 Testing on  ['CVSplits/training02.data']
Loading...
Loading...
Loading...
Loading...
Loading...
Loading...
Loading...
Loading...
Loading...
Loading...
Training for epochs =  10 learning rate =  0.001 Testing on  ['CVSplits/training03.data']
Loading...
Loading...
Loading...
Loading...
Loading...
Loading...
Loading...
Loading...
Loading...
Loading...
Training for epochs =  10 learning rate =  0.001 Testing on  ['CVSplits/training04.data']
Loading...
Loading...
Loading...
Loading...
Loading...
Loading...
Loading...
Loading...
Loading...
Loading...
Training for epochs =  10 learning rate =  0.001 Testing on  ['CVSplits/training00.data']
Loading...
Loading...
Loading...
Loading...
Loading...
Loading...
Loading...
Loading...
Loading...
Loading...
Training for epochs =  10 learning rate =  0.001 Testing on  ['CVSplits/training01.data']
Loading...
Loading...
Loading...
Loading...
Loading...
Loading...
Loading...
Loading...
Loading...
Loading...
Training for epochs =  10 learning rate =  0.001 Testing on  ['CVSplits/training02.data']
Loading...
Loading...
Loading...
Loading...
Loading...
Loading...
Loading...
Loading...
Loading...
Loading...
Training for epochs =  10 learning rate =  0.001 Testing on  ['CVSplits/training03.data']
Loading...
Loading...
Loading...
Loading...
Loading...
Loading...
Loading...
Loading...
Loading...
Loading...
Training for epochs =  10 learning rate =  0.001 Testing on  ['CVSplits/training04.data']
Loading...
Loading...
Loading...
Loading...
Loading...
Loading...
Loading...
Loading...
Loading...
Loading...
Epoch: 1
[ 10 , 0.0121  +- 0.0068 ] [ 1 , 0.3997  +- 0.453 ] [ 0.1 , 0.5256  +- 0.1193 ] [ 0.01 , 0.6197  +- 0.1774 ] [ 0.001 , 0.6926  +- 0.1457 ] [ 0.001 , 0.6707  +- 0.1475 ] 
Epoch: 2
[ 10 , 0.0121  +- 0.0068 ] [ 1 , 0.3993  +- 0.4525 ] [ 0.1 , 0.5102  +- 0.1736 ] [ 0.01 , 0.6404  +- 0.2719 ] [ 0.001 , 0.6955  +- 0.1204 ] [ 0.001 , 0.7217  +- 0.1247 ] 
Epoch: 3
[ 10 , 0.0121  +- 0.0068 ] [ 1 , 0.3206  +- 0.587 ] [ 0.1 , 0.5276  +- 0.1684 ] [ 0.01 , 0.6139  +- 0.2363 ] [ 0.001 , 0.6543  +- 0.146 ] [ 0.001 , 0.7016  +- 0.0898 ] 
Epoch: 4
[ 10 , 0.0121  +- 0.0068 ] [ 1 , 0.4993  +- 0.0743 ] [ 0.1 , 0.5287  +- 0.0428 ] [ 0.01 , 0.5661  +- 0.1864 ] [ 0.001 , 0.7037  +- 0.1214 ] [ 0.001 , 0.6945  +- 0.0411 ] 
Epoch: 5
[ 10 , 0.0121  +- 0.0068 ] [ 1 , 0.3096  +- 0.567 ] [ 0.1 , 0.5376  +- 0.1763 ] [ 0.01 , 0.6224  +- 0.1779 ] [ 0.001 , 0.709  +- 0.0901 ] [ 0.001 , 0.6852  +- 0.1931 ] 
Epoch: 6
[ 10 , 0.0121  +- 0.0068 ] [ 1 , 0.3  +- 0.5526 ] [ 0.1 , 0.5322  +- 0.1203 ] [ 0.01 , 0.6057  +- 0.2092 ] [ 0.001 , 0.727  +- 0.1318 ] [ 0.001 , 0.6954  +- 0.1566 ] 
Epoch: 7
[ 10 , 0.0121  +- 0.0068 ] [ 1 , 0.4124  +- 0.4631 ] [ 0.1 , 0.4986  +- 0.0731 ] [ 0.01 , 0.5815  +- 0.2717 ] [ 0.001 , 0.6849  +- 0.082 ] [ 0.001 , 0.7142  +- 0.222 ] 
Epoch: 8
[ 10 , 0.0121  +- 0.0068 ] [ 1 , 0.3107  +- 0.5687 ] [ 0.1 , 0.5061  +- 0.0809 ] [ 0.01 , 0.6995  +- 0.1466 ] [ 0.001 , 0.6976  +- 0.1292 ] [ 0.001 , 0.7331  +- 0.0757 ] 
Epoch: 9
[ 10 , 0.0121  +- 0.0068 ] [ 1 , 0.4003  +- 0.4537 ] [ 0.1 , 0.4829  +- 0.0455 ] [ 0.01 , 0.6647  +- 0.2153 ] [ 0.001 , 0.7189  +- 0.1214 ] [ 0.001 , 0.6645  +- 0.2289 ] 
Epoch: 10
[ 10 , 0.0121  +- 0.0068 ] [ 1 , 0.4787  +- 0.057 ] [ 0.1 , 0.4971  +- 0.1132 ] [ 0.01 , 0.5642  +- 0.1893 ] [ 0.001 , 0.686  +- 0.1979 ] [ 0.001 , 0.7452  +- 0.0487 ] 
Max mean accuracy was for  10 epochs, with learning rate 0.001 [ 0.7452 +- 0.0487 ]

For margin = 0.01
Training for epochs =  10 learning rate =  10 Testing on  ['CVSplits/training00.data']
Loading...
Loading...
Loading...
Loading...
Loading...
Loading...
Loading...
Loading...
Loading...
Loading...
Training for epochs =  10 learning rate =  10 Testing on  ['CVSplits/training01.data']
Loading...
Loading...
Loading...
Loading...
Loading...
Loading...
Loading...
Loading...
Loading...
Loading...
Training for epochs =  10 learning rate =  10 Testing on  ['CVSplits/training02.data']
Loading...
Loading...
Loading...
Loading...
Loading...
Loading...
Loading...
Loading...
Loading...
Loading...
Training for epochs =  10 learning rate =  10 Testing on  ['CVSplits/training03.data']
Loading...
Loading...
Loading...
Loading...
Loading...
Loading...
Loading...
Loading...
Loading...
Loading...
Training for epochs =  10 learning rate =  10 Testing on  ['CVSplits/training04.data']
Loading...
Loading...
Loading...
Loading...
Loading...
Loading...
Loading...
Loading...
Loading...
Loading...
Training for epochs =  10 learning rate =  1 Testing on  ['CVSplits/training00.data']
Loading...
Loading...
Loading...
Loading...
Loading...
Loading...
Loading...
Loading...
Loading...
Loading...
Training for epochs =  10 learning rate =  1 Testing on  ['CVSplits/training01.data']
Loading...
Loading...
Loading...
Loading...
Loading...
Loading...
Loading...
Loading...
Loading...
Loading...
Training for epochs =  10 learning rate =  1 Testing on  ['CVSplits/training02.data']
Loading...
Loading...
Loading...
Loading...
Loading...
Loading...
Loading...
Loading...
Loading...
Loading...
Training for epochs =  10 learning rate =  1 Testing on  ['CVSplits/training03.data']
Loading...
Loading...
Loading...
Loading...
Loading...
Loading...
Loading...
Loading...
Loading...
Loading...
Training for epochs =  10 learning rate =  1 Testing on  ['CVSplits/training04.data']
Loading...
Loading...
Loading...
Loading...
Loading...
Loading...
Loading...
Loading...
Loading...
Loading...
Training for epochs =  10 learning rate =  0.1 Testing on  ['CVSplits/training00.data']
Loading...
Loading...
Loading...
Loading...
Loading...
Loading...
Loading...
Loading...
Loading...
Loading...
Training for epochs =  10 learning rate =  0.1 Testing on  ['CVSplits/training01.data']
Loading...
Loading...
Loading...
Loading...
Loading...
Loading...
Loading...
Loading...
Loading...
Loading...
Training for epochs =  10 learning rate =  0.1 Testing on  ['CVSplits/training02.data']
Loading...
Loading...
Loading...
Loading...
Loading...
Loading...
Loading...
Loading...
Loading...
Loading...
Training for epochs =  10 learning rate =  0.1 Testing on  ['CVSplits/training03.data']
Loading...
Loading...
Loading...
Loading...
Loading...
Loading...
Loading...
Loading...
Loading...
Loading...
Training for epochs =  10 learning rate =  0.1 Testing on  ['CVSplits/training04.data']
Loading...
Loading...
Loading...
Loading...
Loading...
Loading...
Loading...
Loading...
Loading...
Loading...
Training for epochs =  10 learning rate =  0.01 Testing on  ['CVSplits/training00.data']
Loading...
Loading...
Loading...
Loading...
Loading...
Loading...
Loading...
Loading...
Loading...
Loading...
Training for epochs =  10 learning rate =  0.01 Testing on  ['CVSplits/training01.data']
Loading...
Loading...
Loading...
Loading...
Loading...
Loading...
Loading...
Loading...
Loading...
Loading...
Training for epochs =  10 learning rate =  0.01 Testing on  ['CVSplits/training02.data']
Loading...
Loading...
Loading...
Loading...
Loading...
Loading...
Loading...
Loading...
Loading...
Loading...
Training for epochs =  10 learning rate =  0.01 Testing on  ['CVSplits/training03.data']
Loading...
Loading...
Loading...
Loading...
Loading...
Loading...
Loading...
Loading...
Loading...
Loading...
Training for epochs =  10 learning rate =  0.01 Testing on  ['CVSplits/training04.data']
Loading...
Loading...
Loading...
Loading...
Loading...
Loading...
Loading...
Loading...
Loading...
Loading...
Training for epochs =  10 learning rate =  0.001 Testing on  ['CVSplits/training00.data']
Loading...
Loading...
Loading...
Loading...
Loading...
Loading...
Loading...
Loading...
Loading...
Loading...
Training for epochs =  10 learning rate =  0.001 Testing on  ['CVSplits/training01.data']
Loading...
Loading...
Loading...
Loading...
Loading...
Loading...
Loading...
Loading...
Loading...
Loading...
Training for epochs =  10 learning rate =  0.001 Testing on  ['CVSplits/training02.data']
Loading...
Loading...
Loading...
Loading...
Loading...
Loading...
Loading...
Loading...
Loading...
Loading...
Training for epochs =  10 learning rate =  0.001 Testing on  ['CVSplits/training03.data']
Loading...
Loading...
Loading...
Loading...
Loading...
Loading...
Loading...
Loading...
Loading...
Loading...
Training for epochs =  10 learning rate =  0.001 Testing on  ['CVSplits/training04.data']
Loading...
Loading...
Loading...
Loading...
Loading...
Loading...
Loading...
Loading...
Loading...
Loading...
Training for epochs =  10 learning rate =  0.001 Testing on  ['CVSplits/training00.data']
Loading...
Loading...
Loading...
Loading...
Loading...
Loading...
Loading...
Loading...
Loading...
Loading...
Training for epochs =  10 learning rate =  0.001 Testing on  ['CVSplits/training01.data']
Loading...
Loading...
Loading...
Loading...
Loading...
Loading...
Loading...
Loading...
Loading...
Loading...
Training for epochs =  10 learning rate =  0.001 Testing on  ['CVSplits/training02.data']
Loading...
Loading...
Loading...
Loading...
Loading...
Loading...
Loading...
Loading...
Loading...
Loading...
Training for epochs =  10 learning rate =  0.001 Testing on  ['CVSplits/training03.data']
Loading...
Loading...
Loading...
Loading...
Loading...
Loading...
Loading...
Loading...
Loading...
Loading...
Training for epochs =  10 learning rate =  0.001 Testing on  ['CVSplits/training04.data']
Loading...
Loading...
Loading...
Loading...
Loading...
Loading...
Loading...
Loading...
Loading...
Loading...
Epoch: 1
[ 10 , 0.0099  +- 0.0122 ] [ 1 , 0.211  +- 0.579 ] [ 0.1 , 0.5373  +- 0.1543 ] [ 0.01 , 0.4868  +- 0.0813 ] [ 0.001 , 0.5276  +- 0.1303 ] [ 0.001 , 0.5092  +- 0.112 ] 
Epoch: 2
[ 10 , 0.0099  +- 0.0122 ] [ 1 , 0.5213  +- 0.057 ] [ 0.1 , 0.527  +- 0.0653 ] [ 0.01 , 0.5688  +- 0.2183 ] [ 0.001 , 0.5141  +- 0.1063 ] [ 0.001 , 0.5248  +- 0.1446 ] 
Epoch: 3
[ 10 , 0.0099  +- 0.0122 ] [ 1 , 0.422  +- 0.4745 ] [ 0.1 , 0.5582  +- 0.119 ] [ 0.01 , 0.5333  +- 0.1719 ] [ 0.001 , 0.5244  +- 0.1591 ] [ 0.001 , 0.5191  +- 0.1265 ] 
Epoch: 4
[ 10 , 0.0099  +- 0.0122 ] [ 1 , 0.4224  +- 0.4748 ] [ 0.1 , 0.55  +- 0.2002 ] [ 0.01 , 0.5666  +- 0.1916 ] [ 0.001 , 0.5372  +- 0.207 ] [ 0.001 , 0.5585  +- 0.2316 ] 
Epoch: 5
[ 10 , 0.0099  +- 0.0122 ] [ 1 , 0.3883  +- 0.4364 ] [ 0.1 , 0.4851  +- 0.042 ] [ 0.01 , 0.5443  +- 0.1375 ] [ 0.001 , 0.5188  +- 0.1275 ] [ 0.001 , 0.5078  +- 0.1029 ] 
Epoch: 6
[ 10 , 0.0099  +- 0.0122 ] [ 1 , 0.4993  +- 0.0743 ] [ 0.1 , 0.5415  +- 0.1435 ] [ 0.01 , 0.5017  +- 0.0808 ] [ 0.001 , 0.5074  +- 0.0827 ] [ 0.001 , 0.5188  +- 0.1436 ] 
Epoch: 7
[ 10 , 0.0099  +- 0.0122 ] [ 1 , 0.3202  +- 0.5865 ] [ 0.1 , 0.5361  +- 0.1818 ] [ 0.01 , 0.518  +- 0.1084 ] [ 0.001 , 0.5163  +- 0.1128 ] [ 0.001 , 0.5308  +- 0.2062 ] 
Epoch: 8
[ 10 , 0.0099  +- 0.0122 ] [ 1 , 0.311  +- 0.5694 ] [ 0.1 , 0.5316  +- 0.0579 ] [ 0.01 , 0.4911  +- 0.0691 ] [ 0.001 , 0.5361  +- 0.195 ] [ 0.001 , 0.5198  +- 0.1157 ] 
Epoch: 9
[ 10 , 0.0099  +- 0.0122 ] [ 1 , 0.3997  +- 0.453 ] [ 0.1 , 0.5188  +- 0.1092 ] [ 0.01 , 0.5  +- 0.0743 ] [ 0.001 , 0.5071  +- 0.0895 ] [ 0.001 , 0.5468  +- 0.2028 ] 
Epoch: 10
[ 10 , 0.0099  +- 0.0122 ] [ 1 , 0.3107  +- 0.5687 ] [ 0.1 , 0.5003  +- 0.0742 ] [ 0.01 , 0.5454  +- 0.2087 ] [ 0.001 , 0.5177  +- 0.1171 ] [ 0.001 , 0.5063  +- 0.085 ] 
Max mean accuracy was for  2 epochs, with learning rate 0.01 [ 0.5688 +- 0.2183 ]

For margin = 0.001
Training for epochs =  10 learning rate =  10 Testing on  ['CVSplits/training00.data']
Loading...
Loading...
Loading...
Loading...
Loading...
Loading...
Loading...
Loading...
Loading...
Loading...
Training for epochs =  10 learning rate =  10 Testing on  ['CVSplits/training01.data']
Loading...
Loading...
Loading...
Loading...
Loading...
Loading...
Loading...
Loading...
Loading...
Loading...
Training for epochs =  10 learning rate =  10 Testing on  ['CVSplits/training02.data']
Loading...
Loading...
Loading...
Loading...
Loading...
Loading...
Loading...
Loading...
Loading...
Loading...
Training for epochs =  10 learning rate =  10 Testing on  ['CVSplits/training03.data']
Loading...
Loading...
Loading...
Loading...
Loading...
Loading...
Loading...
Loading...
Loading...
Loading...
Training for epochs =  10 learning rate =  10 Testing on  ['CVSplits/training04.data']
Loading...
Loading...
Loading...
Loading...
Loading...
Loading...
Loading...
Loading...
Loading...
Loading...
Training for epochs =  10 learning rate =  1 Testing on  ['CVSplits/training00.data']
Loading...
Loading...
Loading...
Loading...
Loading...
Loading...
Loading...
Loading...
Loading...
Loading...
Training for epochs =  10 learning rate =  1 Testing on  ['CVSplits/training01.data']
Loading...
Loading...
Loading...
Loading...
Loading...
Loading...
Loading...
Loading...
Loading...
Loading...
Training for epochs =  10 learning rate =  1 Testing on  ['CVSplits/training02.data']
Loading...
Loading...
Loading...
Loading...
Loading...
Loading...
Loading...
Loading...
Loading...
Loading...
Training for epochs =  10 learning rate =  1 Testing on  ['CVSplits/training03.data']
Loading...
Loading...
Loading...
Loading...
Loading...
Loading...
Loading...
Loading...
Loading...
Loading...
Training for epochs =  10 learning rate =  1 Testing on  ['CVSplits/training04.data']
Loading...
Loading...
Loading...
Loading...
Loading...
Loading...
Loading...
Loading...
Loading...
Loading...
Training for epochs =  10 learning rate =  0.1 Testing on  ['CVSplits/training00.data']
Loading...
Loading...
Loading...
Loading...
Loading...
Loading...
Loading...
Loading...
Loading...
Loading...
Training for epochs =  10 learning rate =  0.1 Testing on  ['CVSplits/training01.data']
Loading...
Loading...
Loading...
Loading...
Loading...
Loading...
Loading...
Loading...
Loading...
Loading...
Training for epochs =  10 learning rate =  0.1 Testing on  ['CVSplits/training02.data']
Loading...
Loading...
Loading...
Loading...
Loading...
Loading...
Loading...
Loading...
Loading...
Loading...
Training for epochs =  10 learning rate =  0.1 Testing on  ['CVSplits/training03.data']
Loading...
Loading...
Loading...
Loading...
Loading...
Loading...
Loading...
Loading...
Loading...
Loading...
Training for epochs =  10 learning rate =  0.1 Testing on  ['CVSplits/training04.data']
Loading...
Loading...
Loading...
Loading...
Loading...
Loading...
Loading...
Loading...
Loading...
Loading...
Training for epochs =  10 learning rate =  0.01 Testing on  ['CVSplits/training00.data']
Loading...
Loading...
Loading...
Loading...
Loading...
Loading...
Loading...
Loading...
Loading...
Loading...
Training for epochs =  10 learning rate =  0.01 Testing on  ['CVSplits/training01.data']
Loading...
Loading...
Loading...
Loading...
Loading...
Loading...
Loading...
Loading...
Loading...
Loading...
Training for epochs =  10 learning rate =  0.01 Testing on  ['CVSplits/training02.data']
Loading...
Loading...
Loading...
Loading...
Loading...
Loading...
Loading...
Loading...
Loading...
Loading...
Training for epochs =  10 learning rate =  0.01 Testing on  ['CVSplits/training03.data']
Loading...
Loading...
Loading...
Loading...
Loading...
Loading...
Loading...
Loading...
Loading...
Loading...
Training for epochs =  10 learning rate =  0.01 Testing on  ['CVSplits/training04.data']
Loading...
Loading...
Loading...
Loading...
Loading...
Loading...
Loading...
Loading...
Loading...
Loading...
Training for epochs =  10 learning rate =  0.001 Testing on  ['CVSplits/training00.data']
Loading...
Loading...
Loading...
Loading...
Loading...
Loading...
Loading...
Loading...
Loading...
Loading...
Training for epochs =  10 learning rate =  0.001 Testing on  ['CVSplits/training01.data']
Loading...
Loading...
Loading...
Loading...
Loading...
Loading...
Loading...
Loading...
Loading...
Loading...
Training for epochs =  10 learning rate =  0.001 Testing on  ['CVSplits/training02.data']
Loading...
Loading...
Loading...
Loading...
Loading...
Loading...
Loading...
Loading...
Loading...
Loading...
Training for epochs =  10 learning rate =  0.001 Testing on  ['CVSplits/training03.data']
Loading...
Loading...
Loading...
Loading...
Loading...
Loading...
Loading...
Loading...
Loading...
Loading...
Training for epochs =  10 learning rate =  0.001 Testing on  ['CVSplits/training04.data']
Loading...
Loading...
Loading...
Loading...
Loading...
Loading...
Loading...
Loading...
Loading...
Loading...
Training for epochs =  10 learning rate =  0.001 Testing on  ['CVSplits/training00.data']
Loading...
Loading...
Loading...
Loading...
Loading...
Loading...
Loading...
Loading...
Loading...
Loading...
Training for epochs =  10 learning rate =  0.001 Testing on  ['CVSplits/training01.data']
Loading...
Loading...
Loading...
Loading...
Loading...
Loading...
Loading...
Loading...
Loading...
Loading...
Training for epochs =  10 learning rate =  0.001 Testing on  ['CVSplits/training02.data']
Loading...
Loading...
Loading...
Loading...
Loading...
Loading...
Loading...
Loading...
Loading...
Loading...
Training for epochs =  10 learning rate =  0.001 Testing on  ['CVSplits/training03.data']
Loading...
Loading...
Loading...
Loading...
Loading...
Loading...
Loading...
Loading...
Loading...
Loading...
Training for epochs =  10 learning rate =  0.001 Testing on  ['CVSplits/training04.data']
Loading...
Loading...
Loading...
Loading...
Loading...
Loading...
Loading...
Loading...
Loading...
Loading...
Epoch: 1
[ 10 , 0.0057  +- 0.0064 ] [ 1 , 0.4787  +- 0.057 ] [ 0.1 , 0.5088  +- 0.1717 ] [ 0.01 , 0.5783  +- 0.2372 ] [ 0.001 , 0.5245  +- 0.0625 ] [ 0.001 , 0.5599  +- 0.0833 ] 
Epoch: 2
[ 10 , 0.0057  +- 0.0064 ] [ 1 , 0.4794  +- 0.0583 ] [ 0.1 , 0.5152  +- 0.0924 ] [ 0.01 , 0.6145  +- 0.2343 ] [ 0.001 , 0.528  +- 0.1726 ] [ 0.001 , 0.5407  +- 0.1252 ] 
Epoch: 3
[ 10 , 0.0057  +- 0.0064 ] [ 1 , 0.4773  +- 0.0542 ] [ 0.1 , 0.5372  +- 0.1924 ] [ 0.01 , 0.517  +- 0.1082 ] [ 0.001 , 0.5329  +- 0.2153 ] [ 0.001 , 0.5113  +- 0.1065 ] 
Epoch: 4
[ 10 , 0.0057  +- 0.0064 ] [ 1 , 0.4794  +- 0.0583 ] [ 0.1 , 0.5078  +- 0.0901 ] [ 0.01 , 0.5482  +- 0.1959 ] [ 0.001 , 0.5383  +- 0.2169 ] [ 0.001 , 0.5145  +- 0.1324 ] 
Epoch: 5
[ 10 , 0.0057  +- 0.0064 ] [ 1 , 0.5227  +- 0.0542 ] [ 0.1 , 0.5156  +- 0.0807 ] [ 0.01 , 0.5326  +- 0.1606 ] [ 0.001 , 0.518  +- 0.1321 ] [ 0.001 , 0.5227  +- 0.1723 ] 
Epoch: 6
[ 10 , 0.0057  +- 0.0064 ] [ 1 , 0.5007  +- 0.0743 ] [ 0.1 , 0.5017  +- 0.0743 ] [ 0.01 , 0.5619  +- 0.1903 ] [ 0.001 , 0.5191  +- 0.1226 ] [ 0.001 , 0.5262  +- 0.1859 ] 
Epoch: 7
[ 10 , 0.0057  +- 0.0064 ] [ 1 , 0.5007  +- 0.0743 ] [ 0.1 , 0.5334  +- 0.067 ] [ 0.01 , 0.4907  +- 0.0478 ] [ 0.001 , 0.5149  +- 0.132 ] [ 0.001 , 0.5092  +- 0.12 ] 
Epoch: 8
[ 10 , 0.0057  +- 0.0064 ] [ 1 , 0.5  +- 0.0743 ] [ 0.1 , 0.5444  +- 0.1429 ] [ 0.01 , 0.5436  +- 0.179 ] [ 0.001 , 0.5017  +- 0.0795 ] [ 0.001 , 0.5386  +- 0.2235 ] 
Epoch: 9
[ 10 , 0.0057  +- 0.0064 ] [ 1 , 0.5206  +- 0.0583 ] [ 0.1 , 0.5308  +- 0.1497 ] [ 0.01 , 0.5198  +- 0.0966 ] [ 0.001 , 0.5056  +- 0.0885 ] [ 0.001 , 0.5393  +- 0.1874 ] 
Epoch: 10
[ 10 , 0.0057  +- 0.0064 ] [ 1 , 0.5  +- 0.0743 ] [ 0.1 , 0.521  +- 0.0576 ] [ 0.01 , 0.5723  +- 0.2389 ] [ 0.001 , 0.5298  +- 0.2051 ] [ 0.001 , 0.5141  +- 0.1143 ] 
Max mean accuracy was for  2 epochs, with learning rate 0.01 [ 0.6145 +- 0.2343 ]

For margin = 0.001
Training for epochs =  10 learning rate =  10 Testing on  ['CVSplits/training00.data']
Loading...
Loading...
Loading...
Loading...
Loading...
Loading...
Loading...
Loading...
Loading...
Loading...
Training for epochs =  10 learning rate =  10 Testing on  ['CVSplits/training01.data']
Loading...
Loading...
Loading...
Loading...
Loading...
Loading...
Loading...
Loading...
Loading...
Loading...
Training for epochs =  10 learning rate =  10 Testing on  ['CVSplits/training02.data']
Loading...
Loading...
Loading...
Loading...
Loading...
Loading...
Loading...
Loading...
Loading...
Loading...
Training for epochs =  10 learning rate =  10 Testing on  ['CVSplits/training03.data']
Loading...
Loading...
Loading...
Loading...
Loading...
Loading...
Loading...
Loading...
Loading...
Loading...
Training for epochs =  10 learning rate =  10 Testing on  ['CVSplits/training04.data']
Loading...
Loading...
Loading...
Loading...
Loading...
Loading...
Loading...
Loading...
Loading...
Loading...
Training for epochs =  10 learning rate =  1 Testing on  ['CVSplits/training00.data']
Loading...
Loading...
Loading...
Loading...
Loading...
Loading...
Loading...
Loading...
Loading...
Loading...
Training for epochs =  10 learning rate =  1 Testing on  ['CVSplits/training01.data']
Loading...
Loading...
Loading...
Loading...
Loading...
Loading...
Loading...
Loading...
Loading...
Loading...
Training for epochs =  10 learning rate =  1 Testing on  ['CVSplits/training02.data']
Loading...
Loading...
Loading...
Loading...
Loading...
Loading...
Loading...
Loading...
Loading...
Loading...
Training for epochs =  10 learning rate =  1 Testing on  ['CVSplits/training03.data']
Loading...
Loading...
Loading...
Loading...
Loading...
Loading...
Loading...
Loading...
Loading...
Loading...
Training for epochs =  10 learning rate =  1 Testing on  ['CVSplits/training04.data']
Loading...
Loading...
Loading...
Loading...
Loading...
Loading...
Loading...
Loading...
Loading...
Loading...
Training for epochs =  10 learning rate =  0.1 Testing on  ['CVSplits/training00.data']
Loading...
Loading...
Loading...
Loading...
Loading...
Loading...
Loading...
Loading...
Loading...
Loading...
Training for epochs =  10 learning rate =  0.1 Testing on  ['CVSplits/training01.data']
Loading...
Loading...
Loading...
Loading...
Loading...
Loading...
Loading...
Loading...
Loading...
Loading...
Training for epochs =  10 learning rate =  0.1 Testing on  ['CVSplits/training02.data']
Loading...
Loading...
Loading...
Loading...
Loading...
Loading...
Loading...
Loading...
Loading...
Loading...
Training for epochs =  10 learning rate =  0.1 Testing on  ['CVSplits/training03.data']
Loading...
Loading...
Loading...
Loading...
Loading...
Loading...
Loading...
Loading...
Loading...
Loading...
Training for epochs =  10 learning rate =  0.1 Testing on  ['CVSplits/training04.data']
Loading...
Loading...
Loading...
Loading...
Loading...
Loading...
Loading...
Loading...
Loading...
Loading...
Training for epochs =  10 learning rate =  0.01 Testing on  ['CVSplits/training00.data']
Loading...
Loading...
Loading...
Loading...
Loading...
Loading...
Loading...
Loading...
Loading...
Loading...
Training for epochs =  10 learning rate =  0.01 Testing on  ['CVSplits/training01.data']
Loading...
Loading...
Loading...
Loading...
Loading...
Loading...
Loading...
Loading...
Loading...
Loading...
Training for epochs =  10 learning rate =  0.01 Testing on  ['CVSplits/training02.data']
Loading...
Loading...
Loading...
Loading...
Loading...
Loading...
Loading...
Loading...
Loading...
Loading...
Training for epochs =  10 learning rate =  0.01 Testing on  ['CVSplits/training03.data']
Loading...
Loading...
Loading...
Loading...
Loading...
Loading...
Loading...
Loading...
Loading...
Loading...
Training for epochs =  10 learning rate =  0.01 Testing on  ['CVSplits/training04.data']
Loading...
Loading...
Loading...
Loading...
Loading...
Loading...
Loading...
Loading...
Loading...
Loading...
Training for epochs =  10 learning rate =  0.001 Testing on  ['CVSplits/training00.data']
Loading...
Loading...
Loading...
Loading...
Loading...
Loading...
Loading...
Loading...
Loading...
Loading...
Training for epochs =  10 learning rate =  0.001 Testing on  ['CVSplits/training01.data']
Loading...
Loading...
Loading...
Loading...
Loading...
Loading...
Loading...
Loading...
Loading...
Loading...
Training for epochs =  10 learning rate =  0.001 Testing on  ['CVSplits/training02.data']
Loading...
Loading...
Loading...
Loading...
Loading...
Loading...
Loading...
Loading...
Loading...
Loading...
Training for epochs =  10 learning rate =  0.001 Testing on  ['CVSplits/training03.data']
Loading...
Loading...
Loading...
Loading...
Loading...
Loading...
Loading...
Loading...
Loading...
Loading...
Training for epochs =  10 learning rate =  0.001 Testing on  ['CVSplits/training04.data']
Loading...
Loading...
Loading...
Loading...
Loading...
Loading...
Loading...
Loading...
Loading...
Loading...
Training for epochs =  10 learning rate =  0.001 Testing on  ['CVSplits/training00.data']
Loading...
Loading...
Loading...
Loading...
Loading...
Loading...
Loading...
Loading...
Loading...
Loading...
Training for epochs =  10 learning rate =  0.001 Testing on  ['CVSplits/training01.data']
Loading...
Loading...
Loading...
Loading...
Loading...
Loading...
Loading...
Loading...
Loading...
Loading...
Training for epochs =  10 learning rate =  0.001 Testing on  ['CVSplits/training02.data']
Loading...
Loading...
Loading...
Loading...
Loading...
Loading...
Loading...
Loading...
Loading...
Loading...
Training for epochs =  10 learning rate =  0.001 Testing on  ['CVSplits/training03.data']
Loading...
Loading...
Loading...
Loading...
Loading...
Loading...
Loading...
Loading...
Loading...
Loading...
Training for epochs =  10 learning rate =  0.001 Testing on  ['CVSplits/training04.data']
Loading...
Loading...
Loading...
Loading...
Loading...
Loading...
Loading...
Loading...
Loading...
Loading...
Epoch: 1
[ 10 , 0.0071  +- 0.0087 ] [ 1 , 0.4993  +- 0.0743 ] [ 0.1 , 0.5032  +- 0.0769 ] [ 0.01 , 0.5319  +- 0.2682 ] [ 0.001 , 0.5582  +- 0.0293 ] [ 0.001 , 0.5543  +- 0.1266 ] 
Epoch: 2
[ 10 , 0.0071  +- 0.0087 ] [ 1 , 0.5206  +- 0.0583 ] [ 0.1 , 0.5213  +- 0.0571 ] [ 0.01 , 0.5675  +- 0.2019 ] [ 0.001 , 0.5493  +- 0.212 ] [ 0.001 , 0.5202  +- 0.1448 ] 
Epoch: 3
[ 10 , 0.0071  +- 0.0087 ] [ 1 , 0.4993  +- 0.0743 ] [ 0.1 , 0.4996  +- 0.0742 ] [ 0.01 , 0.539  +- 0.1452 ] [ 0.001 , 0.5322  +- 0.1663 ] [ 0.001 , 0.5049  +- 0.0845 ] 
Epoch: 4
[ 10 , 0.0071  +- 0.0087 ] [ 1 , 0.4993  +- 0.0743 ] [ 0.1 , 0.5337  +- 0.1727 ] [ 0.01 , 0.5007  +- 0.0745 ] [ 0.001 , 0.5081  +- 0.1041 ] [ 0.001 , 0.5071  +- 0.1047 ] 
Epoch: 5
[ 10 , 0.0071  +- 0.0087 ] [ 1 , 0.522  +- 0.0556 ] [ 0.1 , 0.5586  +- 0.1206 ] [ 0.01 , 0.5  +- 0.073 ] [ 0.001 , 0.5049  +- 0.0901 ] [ 0.001 , 0.5298  +- 0.1678 ] 
Epoch: 6
[ 10 , 0.0071  +- 0.0087 ] [ 1 , 0.5206  +- 0.0583 ] [ 0.1 , 0.5464  +- 0.179 ] [ 0.01 , 0.561  +- 0.2108 ] [ 0.001 , 0.5241  +- 0.1751 ] [ 0.001 , 0.5134  +- 0.1228 ] 
Epoch: 7
[ 10 , 0.0071  +- 0.0087 ] [ 1 , 0.4985  +- 0.0742 ] [ 0.1 , 0.501  +- 0.0755 ] [ 0.01 , 0.5287  +- 0.145 ] [ 0.001 , 0.5159  +- 0.1332 ] [ 0.001 , 0.512  +- 0.1001 ] 
Epoch: 8
[ 10 , 0.0071  +- 0.0087 ] [ 1 , 0.5007  +- 0.0743 ] [ 0.1 , 0.5624  +- 0.1679 ] [ 0.01 , 0.606  +- 0.1904 ] [ 0.001 , 0.5496  +- 0.1493 ] [ 0.001 , 0.5032  +- 0.0892 ] 
Epoch: 9
[ 10 , 0.0071  +- 0.0087 ] [ 1 , 0.5007  +- 0.0743 ] [ 0.1 , 0.5518  +- 0.0892 ] [ 0.01 , 0.5337  +- 0.1489 ] [ 0.001 , 0.5347  +- 0.1853 ] [ 0.001 , 0.518  +- 0.1069 ] 
Epoch: 10
[ 10 , 0.0071  +- 0.0087 ] [ 1 , 0.5007  +- 0.0743 ] [ 0.1 , 0.5217  +- 0.107 ] [ 0.01 , 0.6278  +- 0.2489 ] [ 0.001 , 0.5028  +- 0.0848 ] [ 0.001 , 0.5383  +- 0.1852 ] 
Max mean accuracy was for  10 epochs, with learning rate 0.01 [ 0.6278 +- 0.2489 ]
Development testing...
Loading...
Loading...
Loading...
Loading...
Loading...
Loading...
Loading...
Loading...
Loading...
Loading...
Loading...
Loading...
Loading...
Loading...
Loading...
Loading...
Loading...
Loading...
Loading...
Loading...
Loading...
Loading...
Loading...
Loading...
Loading...
Loading...
Loading...
Loading...
Loading...
Loading...
Loading...
Loading...
Loading...
Loading...
Loading...
Loading...
Loading...
Loading...
Loading...
Loading...
0.8530872959545777
0.85805535841022
0.8527324343506033
0.8442157558552165
0.7849538679914834
0.7987934705464869
0.7420156139105749
0.7817601135557133
0.8491838183108588
0.8506032647267565
0.8562810503903477
0.7395315826827538
0.78708303761533
0.8314407381121363
0.8577004968062456
0.8147622427253371
0.8687012065294535
0.8541518807665011
0.8062455642299503
0.7029808374733854
0.7686302342086586
0.8726046841731725
0.865152590489709
0.8559261887863733
0.8601845280340668
0.8463449254790631
0.7654364797728885
0.8435060326472675
0.8431511710432931
0.861958836053939
0.8388928317955997
0.8534421575585521
0.7381121362668559
0.8559261887863733
0.8506032647267565
0.7327892122072391
0.7643718949609652
0.8640880056777857
0.8165365507452094
0.8474095102909865
Max accuracy was obtained with 22 epochs, with accuracy =  0.8726046841731725
-------------------------------------Final testing------------------------------------
Training on training set for  22 epochs, learning rate 0.001 Updates made = 6612493360 Mode =  6
Testing on test set...
Result = 0.41152215760769967  label =  -1  =  777
Final count =  777 / 940  or accuracy =  0.8265957446808511
--------------------------------------------------------------------------------------




[0.8265957446808511]
