######################## Mode 6 : 1_SGDSVM ###########################
########################################################################

Cross validation testing...

For margin = 10
Training for epochs =  10 learning rate =  10 Testing on  ['CVSplits/training00.data']
Loading...
Loading...
Loading...
Loading...
Loading...
Loading...
Loading...
Loading...
Loading...
Loading...
Training for epochs =  10 learning rate =  10 Testing on  ['CVSplits/training01.data']
Loading...
Loading...
Loading...
Loading...
Loading...
Loading...
Loading...
Loading...
Loading...
Loading...
Training for epochs =  10 learning rate =  10 Testing on  ['CVSplits/training02.data']
Loading...
Loading...
Loading...
Loading...
Loading...
Loading...
Loading...
Loading...
Loading...
Loading...
Training for epochs =  10 learning rate =  10 Testing on  ['CVSplits/training03.data']
Loading...
Loading...
Loading...
Loading...
Loading...
Loading...
Loading...
Loading...
Loading...
Loading...
Training for epochs =  10 learning rate =  10 Testing on  ['CVSplits/training04.data']
Loading...
Loading...
Loading...
Loading...
Loading...
Loading...
Loading...
Loading...
Loading...
Loading...
Training for epochs =  10 learning rate =  1 Testing on  ['CVSplits/training00.data']
Loading...
Loading...
Loading...
Loading...
Loading...
Loading...
Loading...
Loading...
Loading...
Loading...
Training for epochs =  10 learning rate =  1 Testing on  ['CVSplits/training01.data']
Loading...
Loading...
Loading...
Loading...
Loading...
Loading...
Loading...
Loading...
Loading...
Loading...
Training for epochs =  10 learning rate =  1 Testing on  ['CVSplits/training02.data']
Loading...
Loading...
Loading...
Loading...
Loading...
Loading...
Loading...
Loading...
Loading...
Loading...
Training for epochs =  10 learning rate =  1 Testing on  ['CVSplits/training03.data']
Loading...
Loading...
Loading...
Loading...
Loading...
Loading...
Loading...
Loading...
Loading...
Loading...
Training for epochs =  10 learning rate =  1 Testing on  ['CVSplits/training04.data']
Loading...
Loading...
Loading...
Loading...
Loading...
Loading...
Loading...
Loading...
Loading...
Loading...
Training for epochs =  10 learning rate =  0.1 Testing on  ['CVSplits/training00.data']
Loading...
Loading...
Loading...
Loading...
Loading...
Loading...
Loading...
Loading...
Loading...
Loading...
Training for epochs =  10 learning rate =  0.1 Testing on  ['CVSplits/training01.data']
Loading...
Loading...
Loading...
Loading...
Loading...
Loading...
Loading...
Loading...
Loading...
Loading...
Training for epochs =  10 learning rate =  0.1 Testing on  ['CVSplits/training02.data']
Loading...
Loading...
Loading...
Loading...
Loading...
Loading...
Loading...
Loading...
Loading...
Loading...
Training for epochs =  10 learning rate =  0.1 Testing on  ['CVSplits/training03.data']
Loading...
Loading...
Loading...
Loading...
Loading...
Loading...
Loading...
Loading...
Loading...
Loading...
Training for epochs =  10 learning rate =  0.1 Testing on  ['CVSplits/training04.data']
Loading...
Loading...
Loading...
Loading...
Loading...
Loading...
Loading...
Loading...
Loading...
Loading...
Training for epochs =  10 learning rate =  0.01 Testing on  ['CVSplits/training00.data']
Loading...
Loading...
Loading...
Loading...
Loading...
Loading...
Loading...
Loading...
Loading...
Loading...
Training for epochs =  10 learning rate =  0.01 Testing on  ['CVSplits/training01.data']
Loading...
Loading...
Loading...
Loading...
Loading...
Loading...
Loading...
Loading...
Loading...
Loading...
Training for epochs =  10 learning rate =  0.01 Testing on  ['CVSplits/training02.data']
Loading...
Loading...
Loading...
Loading...
Loading...
Loading...
Loading...
Loading...
Loading...
Loading...
Training for epochs =  10 learning rate =  0.01 Testing on  ['CVSplits/training03.data']
Loading...
Loading...
Loading...
Loading...
Loading...
Loading...
Loading...
Loading...
Loading...
Loading...
Training for epochs =  10 learning rate =  0.01 Testing on  ['CVSplits/training04.data']
Loading...
Loading...
Loading...
Loading...
Loading...
Loading...
Loading...
Loading...
Loading...
Loading...
Training for epochs =  10 learning rate =  0.001 Testing on  ['CVSplits/training00.data']
Loading...
Loading...
Loading...
Loading...
Loading...
Loading...
Loading...
Loading...
Loading...
Loading...
Training for epochs =  10 learning rate =  0.001 Testing on  ['CVSplits/training01.data']
Loading...
Loading...
Loading...
Loading...
Loading...
Loading...
Loading...
Loading...
Loading...
Loading...
Training for epochs =  10 learning rate =  0.001 Testing on  ['CVSplits/training02.data']
Loading...
Loading...
Loading...
Loading...
Loading...
Loading...
Loading...
Loading...
Loading...
Loading...
Training for epochs =  10 learning rate =  0.001 Testing on  ['CVSplits/training03.data']
Loading...
Loading...
Loading...
Loading...
Loading...
Loading...
Loading...
Loading...
Loading...
Loading...
Training for epochs =  10 learning rate =  0.001 Testing on  ['CVSplits/training04.data']
Loading...
Loading...
Loading...
Loading...
Loading...
Loading...
Loading...
Loading...
Loading...
Loading...
Training for epochs =  10 learning rate =  0.001 Testing on  ['CVSplits/training00.data']
Loading...
Loading...
Loading...
Loading...
Loading...
Loading...
Loading...
Loading...
Loading...
Loading...
Training for epochs =  10 learning rate =  0.001 Testing on  ['CVSplits/training01.data']
Loading...
Loading...
Loading...
Loading...
Loading...
Loading...
Loading...
Loading...
Loading...
Loading...
Training for epochs =  10 learning rate =  0.001 Testing on  ['CVSplits/training02.data']
Loading...
Loading...
Loading...
Loading...
Loading...
Loading...
Loading...
Loading...
Loading...
Loading...
Training for epochs =  10 learning rate =  0.001 Testing on  ['CVSplits/training03.data']
Loading...
Loading...
Loading...
Loading...
Loading...
Loading...
Loading...
Loading...
Loading...
Loading...
Training for epochs =  10 learning rate =  0.001 Testing on  ['CVSplits/training04.data']
Loading...
Loading...
Loading...
Loading...
Loading...
Loading...
Loading...
Loading...
Loading...
Loading...
Epoch: 1
[ 10 , 0.0103  +- 0.0063 ] [ 1 , 0.4  +- 0.4533 ] [ 0.1 , 0.5249  +- 0.1277 ] [ 0.01 , 0.5696  +- 0.1202 ] [ 0.001 , 0.7658  +- 0.1853 ] [ 0.001 , 0.7811  +- 0.0995 ] 
Epoch: 2
[ 10 , 0.0103  +- 0.0063 ] [ 1 , 0.5213  +- 0.057 ] [ 0.1 , 0.5288  +- 0.0903 ] [ 0.01 , 0.6998  +- 0.0659 ] [ 0.001 , 0.8144  +- 0.0479 ] [ 0.001 , 0.7903  +- 0.0427 ] 
Epoch: 3
[ 10 , 0.0103  +- 0.0063 ] [ 1 , 0.3202  +- 0.5865 ] [ 0.1 , 0.5093  +- 0.077 ] [ 0.01 , 0.6633  +- 0.1365 ] [ 0.001 , 0.7793  +- 0.1193 ] [ 0.001 , 0.7509  +- 0.2367 ] 
Epoch: 4
[ 10 , 0.0103  +- 0.0063 ] [ 1 , 0.3092  +- 0.5665 ] [ 0.1 , 0.5149  +- 0.114 ] [ 0.01 , 0.5724  +- 0.169 ] [ 0.001 , 0.7889  +- 0.0735 ] [ 0.001 , 0.7931  +- 0.035 ] 
Epoch: 5
[ 10 , 0.0103  +- 0.0063 ] [ 1 , 0.4224  +- 0.4748 ] [ 0.1 , 0.4993  +- 0.0632 ] [ 0.01 , 0.648  +- 0.2039 ] [ 0.001 , 0.7885  +- 0.0462 ] [ 0.001 , 0.7768  +- 0.0833 ] 
Epoch: 6
[ 10 , 0.0103  +- 0.0063 ] [ 1 , 0.3117  +- 0.5706 ] [ 0.1 , 0.5124  +- 0.0504 ] [ 0.01 , 0.598  +- 0.2033 ] [ 0.001 , 0.6796  +- 0.2238 ] [ 0.001 , 0.7743  +- 0.1034 ] 
Epoch: 7
[ 10 , 0.0103  +- 0.0063 ] [ 1 , 0.3106  +- 0.5688 ] [ 0.1 , 0.5727  +- 0.0937 ] [ 0.01 , 0.5634  +- 0.2272 ] [ 0.001 , 0.7843  +- 0.0644 ] [ 0.001 , 0.7913  +- 0.041 ] 
Epoch: 8
[ 10 , 0.0103  +- 0.0063 ] [ 1 , 0.2004  +- 0.5487 ] [ 0.1 , 0.5493  +- 0.1867 ] [ 0.01 , 0.6202  +- 0.1966 ] [ 0.001 , 0.7765  +- 0.0658 ] [ 0.001 , 0.7555  +- 0.1264 ] 
Epoch: 9
[ 10 , 0.0103  +- 0.0063 ] [ 1 , 0.411  +- 0.4618 ] [ 0.1 , 0.559  +- 0.1691 ] [ 0.01 , 0.7183  +- 0.0929 ] [ 0.001 , 0.7807  +- 0.0529 ] [ 0.001 , 0.7551  +- 0.1215 ] 
Epoch: 10
[ 10 , 0.0103  +- 0.0063 ] [ 1 , 0.2783  +- 0.5097 ] [ 0.1 , 0.5539  +- 0.1737 ] [ 0.01 , 0.6593  +- 0.1485 ] [ 0.001 , 0.7597  +- 0.1659 ] [ 0.001 , 0.7548  +- 0.0512 ] 
Max mean accuracy was for  2 epochs, with learning rate 0.001 [ 0.8144 +- 0.0479 ]

For margin = 1
Training for epochs =  10 learning rate =  10 Testing on  ['CVSplits/training00.data']
Loading...
Loading...
Loading...
Loading...
Loading...
Loading...
Loading...
Loading...
Loading...
Loading...
Training for epochs =  10 learning rate =  10 Testing on  ['CVSplits/training01.data']
Loading...
Loading...
Loading...
Loading...
Loading...
Loading...
Loading...
Loading...
Loading...
Loading...
Training for epochs =  10 learning rate =  10 Testing on  ['CVSplits/training02.data']
Loading...
Loading...
Loading...
Loading...
Loading...
Loading...
Loading...
Loading...
Loading...
Loading...
Training for epochs =  10 learning rate =  10 Testing on  ['CVSplits/training03.data']
Loading...
Loading...
Loading...
Loading...
Loading...
Loading...
Loading...
Loading...
Loading...
Loading...
Training for epochs =  10 learning rate =  10 Testing on  ['CVSplits/training04.data']
Loading...
Loading...
Loading...
Loading...
Loading...
Loading...
Loading...
Loading...
Loading...
Loading...
Training for epochs =  10 learning rate =  1 Testing on  ['CVSplits/training00.data']
Loading...
Loading...
Loading...
Loading...
Loading...
Loading...
Loading...
Loading...
Loading...
Loading...
Training for epochs =  10 learning rate =  1 Testing on  ['CVSplits/training01.data']
Loading...
Loading...
Loading...
Loading...
Loading...
Loading...
Loading...
Loading...
Loading...
Loading...
Training for epochs =  10 learning rate =  1 Testing on  ['CVSplits/training02.data']
Loading...
Loading...
Loading...
Loading...
Loading...
Loading...
Loading...
Loading...
Loading...
Loading...
Training for epochs =  10 learning rate =  1 Testing on  ['CVSplits/training03.data']
Loading...
Loading...
Loading...
Loading...
Loading...
Loading...
Loading...
Loading...
Loading...
Loading...
Training for epochs =  10 learning rate =  1 Testing on  ['CVSplits/training04.data']
Loading...
Loading...
Loading...
Loading...
Loading...
Loading...
Loading...
Loading...
Loading...
Loading...
Training for epochs =  10 learning rate =  0.1 Testing on  ['CVSplits/training00.data']
Loading...
Loading...
Loading...
Loading...
Loading...
Loading...
Loading...
Loading...
Loading...
Loading...
Training for epochs =  10 learning rate =  0.1 Testing on  ['CVSplits/training01.data']
Loading...
Loading...
Loading...
Loading...
Loading...
Loading...
Loading...
Loading...
Loading...
Loading...
Training for epochs =  10 learning rate =  0.1 Testing on  ['CVSplits/training02.data']
Loading...
Loading...
Loading...
Loading...
Loading...
Loading...
Loading...
Loading...
Loading...
Loading...
Training for epochs =  10 learning rate =  0.1 Testing on  ['CVSplits/training03.data']
Loading...
Loading...
Loading...
Loading...
Loading...
Loading...
Loading...
Loading...
Loading...
Loading...
Training for epochs =  10 learning rate =  0.1 Testing on  ['CVSplits/training04.data']
Loading...
Loading...
Loading...
Loading...
Loading...
Loading...
Loading...
Loading...
Loading...
Loading...
Training for epochs =  10 learning rate =  0.01 Testing on  ['CVSplits/training00.data']
Loading...
Loading...
Loading...
Loading...
Loading...
Loading...
Loading...
Loading...
Loading...
Loading...
Training for epochs =  10 learning rate =  0.01 Testing on  ['CVSplits/training01.data']
Loading...
Loading...
Loading...
Loading...
Loading...
Loading...
Loading...
Loading...
Loading...
Loading...
Training for epochs =  10 learning rate =  0.01 Testing on  ['CVSplits/training02.data']
Loading...
Loading...
Loading...
Loading...
Loading...
Loading...
Loading...
Loading...
Loading...
Loading...
Training for epochs =  10 learning rate =  0.01 Testing on  ['CVSplits/training03.data']
Loading...
Loading...
Loading...
Loading...
Loading...
Loading...
Loading...
Loading...
Loading...
Loading...
Training for epochs =  10 learning rate =  0.01 Testing on  ['CVSplits/training04.data']
Loading...
Loading...
Loading...
Loading...
Loading...
Loading...
Loading...
Loading...
Loading...
Loading...
Training for epochs =  10 learning rate =  0.001 Testing on  ['CVSplits/training00.data']
Loading...
Loading...
Loading...
Loading...
Loading...
Loading...
Loading...
Loading...
Loading...
Loading...
Training for epochs =  10 learning rate =  0.001 Testing on  ['CVSplits/training01.data']
Loading...
Loading...
Loading...
Loading...
Loading...
Loading...
Loading...
Loading...
Loading...
Loading...
Training for epochs =  10 learning rate =  0.001 Testing on  ['CVSplits/training02.data']
Loading...
Loading...
Loading...
Loading...
Loading...
Loading...
Loading...
Loading...
Loading...
Loading...
Training for epochs =  10 learning rate =  0.001 Testing on  ['CVSplits/training03.data']
Loading...
Loading...
Loading...
Loading...
Loading...
Loading...
Loading...
Loading...
Loading...
Loading...
Training for epochs =  10 learning rate =  0.001 Testing on  ['CVSplits/training04.data']
Loading...
Loading...
Loading...
Loading...
Loading...
Loading...
Loading...
Loading...
Loading...
Loading...
Training for epochs =  10 learning rate =  0.001 Testing on  ['CVSplits/training00.data']
Loading...
Loading...
Loading...
Loading...
Loading...
Loading...
Loading...
Loading...
Loading...
Loading...
Training for epochs =  10 learning rate =  0.001 Testing on  ['CVSplits/training01.data']
Loading...
Loading...
Loading...
Loading...
Loading...
Loading...
Loading...
Loading...
Loading...
Loading...
Training for epochs =  10 learning rate =  0.001 Testing on  ['CVSplits/training02.data']
Loading...
Loading...
Loading...
Loading...
Loading...
Loading...
Loading...
Loading...
Loading...
Loading...
Training for epochs =  10 learning rate =  0.001 Testing on  ['CVSplits/training03.data']
Loading...
Loading...
Loading...
Loading...
Loading...
Loading...
Loading...
Loading...
Loading...
Loading...
Training for epochs =  10 learning rate =  0.001 Testing on  ['CVSplits/training04.data']
Loading...
Loading...
Loading...
Loading...
Loading...
Loading...
Loading...
Loading...
Loading...
Loading...
Epoch: 1
[ 10 , 0.011  +- 0.0077 ] [ 1 , 0.3096  +- 0.567 ] [ 0.1 , 0.5632  +- 0.1294 ] [ 0.01 , 0.6069  +- 0.1537 ] [ 0.001 , 0.7789  +- 0.0648 ] [ 0.001 , 0.7846  +- 0.0694 ] 
Epoch: 2
[ 10 , 0.011  +- 0.0077 ] [ 1 , 0.1901  +- 0.5221 ] [ 0.1 , 0.5245  +- 0.0564 ] [ 0.01 , 0.6067  +- 0.2421 ] [ 0.001 , 0.7892  +- 0.0141 ] [ 0.001 , 0.7779  +- 0.0726 ] 
Epoch: 3
[ 10 , 0.011  +- 0.0077 ] [ 1 , 0.4085  +- 0.4592 ] [ 0.1 , 0.5407  +- 0.1425 ] [ 0.01 , 0.5944  +- 0.1507 ] [ 0.001 , 0.7928  +- 0.0513 ] [ 0.001 , 0.7771  +- 0.0175 ] 
Epoch: 4
[ 10 , 0.011  +- 0.0077 ] [ 1 , 0.421  +- 0.4736 ] [ 0.1 , 0.5079  +- 0.073 ] [ 0.01 , 0.6607  +- 0.2233 ] [ 0.001 , 0.8013  +- 0.016 ] [ 0.001 , 0.7608  +- 0.1283 ] 
Epoch: 5
[ 10 , 0.011  +- 0.0077 ] [ 1 , 0.1901  +- 0.5221 ] [ 0.1 , 0.4829  +- 0.0557 ] [ 0.01 , 0.6295  +- 0.1938 ] [ 0.001 , 0.791  +- 0.0445 ] [ 0.001 , 0.7761  +- 0.0488 ] 
Epoch: 6
[ 10 , 0.011  +- 0.0077 ] [ 1 , 0.4014  +- 0.4548 ] [ 0.1 , 0.545  +- 0.1421 ] [ 0.01 , 0.698  +- 0.233 ] [ 0.001 , 0.7974  +- 0.0437 ] [ 0.001 , 0.7828  +- 0.061 ] 
Epoch: 7
[ 10 , 0.011  +- 0.0077 ] [ 1 , 0.3893  +- 0.4375 ] [ 0.1 , 0.5206  +- 0.0962 ] [ 0.01 , 0.6629  +- 0.1164 ] [ 0.001 , 0.775  +- 0.0888 ] [ 0.001 , 0.7974  +- 0.0174 ] 
Epoch: 8
[ 10 , 0.011  +- 0.0077 ] [ 1 , 0.29  +- 0.5313 ] [ 0.1 , 0.5789  +- 0.1538 ] [ 0.01 , 0.6472  +- 0.2333 ] [ 0.001 , 0.7981  +- 0.032 ] [ 0.001 , 0.7935  +- 0.0223 ] 
Epoch: 9
[ 10 , 0.011  +- 0.0077 ] [ 1 , 0.301  +- 0.5546 ] [ 0.1 , 0.5202  +- 0.0381 ] [ 0.01 , 0.6342  +- 0.1518 ] [ 0.001 , 0.7796  +- 0.0934 ] [ 0.001 , 0.802  +- 0.019 ] 
Epoch: 10
[ 10 , 0.011  +- 0.0077 ] [ 1 , 0.2893  +- 0.5299 ] [ 0.1 , 0.533  +- 0.0798 ] [ 0.01 , 0.6093  +- 0.1454 ] [ 0.001 , 0.7981  +- 0.0384 ] [ 0.001 , 0.7867  +- 0.0659 ] 
Max mean accuracy was for  9 epochs, with learning rate 0.001 [ 0.802 +- 0.019 ]

For margin = 0.1
Training for epochs =  10 learning rate =  10 Testing on  ['CVSplits/training00.data']
Loading...
Loading...
Loading...
Loading...
Loading...
Loading...
Loading...
Loading...
Loading...
Loading...
Training for epochs =  10 learning rate =  10 Testing on  ['CVSplits/training01.data']
Loading...
Loading...
Loading...
Loading...
Loading...
Loading...
Loading...
Loading...
Loading...
Loading...
Training for epochs =  10 learning rate =  10 Testing on  ['CVSplits/training02.data']
Loading...
Loading...
Loading...
Loading...
Loading...
Loading...
Loading...
Loading...
Loading...
Loading...
Training for epochs =  10 learning rate =  10 Testing on  ['CVSplits/training03.data']
Loading...
Loading...
Loading...
Loading...
Loading...
Loading...
Loading...
Loading...
Loading...
Loading...
Training for epochs =  10 learning rate =  10 Testing on  ['CVSplits/training04.data']
Loading...
Loading...
Loading...
Loading...
Loading...
Loading...
Loading...
Loading...
Loading...
Loading...
Training for epochs =  10 learning rate =  1 Testing on  ['CVSplits/training00.data']
Loading...
Loading...
Loading...
Loading...
Loading...
Loading...
Loading...
Loading...
Loading...
Loading...
Training for epochs =  10 learning rate =  1 Testing on  ['CVSplits/training01.data']
Loading...
Loading...
Loading...
Loading...
Loading...
Loading...
Loading...
Loading...
Loading...
Loading...
Training for epochs =  10 learning rate =  1 Testing on  ['CVSplits/training02.data']
Loading...
Loading...
Loading...
Loading...
Loading...
Loading...
Loading...
Loading...
Loading...
Loading...
Training for epochs =  10 learning rate =  1 Testing on  ['CVSplits/training03.data']
Loading...
Loading...
Loading...
Loading...
Loading...
Loading...
Loading...
Loading...
Loading...
Loading...
Training for epochs =  10 learning rate =  1 Testing on  ['CVSplits/training04.data']
Loading...
Loading...
Loading...
Loading...
Loading...
Loading...
Loading...
Loading...
Loading...
Loading...
Training for epochs =  10 learning rate =  0.1 Testing on  ['CVSplits/training00.data']
Loading...
Loading...
Loading...
Loading...
Loading...
Loading...
Loading...
Loading...
Loading...
Loading...
Training for epochs =  10 learning rate =  0.1 Testing on  ['CVSplits/training01.data']
Loading...
Loading...
Loading...
Loading...
Loading...
Loading...
Loading...
Loading...
Loading...
Loading...
Training for epochs =  10 learning rate =  0.1 Testing on  ['CVSplits/training02.data']
Loading...
Loading...
Loading...
Loading...
Loading...
Loading...
Loading...
Loading...
Loading...
Loading...
Training for epochs =  10 learning rate =  0.1 Testing on  ['CVSplits/training03.data']
Loading...
Loading...
Loading...
Loading...
Loading...
Loading...
Loading...
Loading...
Loading...
Loading...
Training for epochs =  10 learning rate =  0.1 Testing on  ['CVSplits/training04.data']
Loading...
Loading...
Loading...
Loading...
Loading...
Loading...
Loading...
Loading...
Loading...
Loading...
Training for epochs =  10 learning rate =  0.01 Testing on  ['CVSplits/training00.data']
Loading...
Loading...
Loading...
Loading...
Loading...
Loading...
Loading...
Loading...
Loading...
Loading...
Training for epochs =  10 learning rate =  0.01 Testing on  ['CVSplits/training01.data']
Loading...
Loading...
Loading...
Loading...
Loading...
Loading...
Loading...
Loading...
Loading...
Loading...
Training for epochs =  10 learning rate =  0.01 Testing on  ['CVSplits/training02.data']
Loading...
Loading...
Loading...
Loading...
Loading...
Loading...
Loading...
Loading...
Loading...
Loading...
Training for epochs =  10 learning rate =  0.01 Testing on  ['CVSplits/training03.data']
Loading...
Loading...
Loading...
Loading...
Loading...
Loading...
Loading...
Loading...
Loading...
Loading...
Training for epochs =  10 learning rate =  0.01 Testing on  ['CVSplits/training04.data']
Loading...
Loading...
Loading...
Loading...
Loading...
Loading...
Loading...
Loading...
Loading...
Loading...
Training for epochs =  10 learning rate =  0.001 Testing on  ['CVSplits/training00.data']
Loading...
Loading...
Loading...
Loading...
Loading...
Loading...
Loading...
Loading...
Loading...
Loading...
Training for epochs =  10 learning rate =  0.001 Testing on  ['CVSplits/training01.data']
Loading...
Loading...
Loading...
Loading...
Loading...
Loading...
Loading...
Loading...
Loading...
Loading...
Training for epochs =  10 learning rate =  0.001 Testing on  ['CVSplits/training02.data']
Loading...
Loading...
Loading...
Loading...
Loading...
Loading...
Loading...
Loading...
Loading...
Loading...
Training for epochs =  10 learning rate =  0.001 Testing on  ['CVSplits/training03.data']
Loading...
Loading...
Loading...
Loading...
Loading...
Loading...
Loading...
Loading...
Loading...
Loading...
Training for epochs =  10 learning rate =  0.001 Testing on  ['CVSplits/training04.data']
Loading...
Loading...
Loading...
Loading...
Loading...
Loading...
Loading...
Loading...
Loading...
Loading...
Training for epochs =  10 learning rate =  0.001 Testing on  ['CVSplits/training00.data']
Loading...
Loading...
Loading...
Loading...
Loading...
Loading...
Loading...
Loading...
Loading...
Loading...
Training for epochs =  10 learning rate =  0.001 Testing on  ['CVSplits/training01.data']
Loading...
Loading...
Loading...
Loading...
Loading...
Loading...
Loading...
Loading...
Loading...
Loading...
Training for epochs =  10 learning rate =  0.001 Testing on  ['CVSplits/training02.data']
Loading...
Loading...
Loading...
Loading...
Loading...
Loading...
Loading...
Loading...
Loading...
Loading...
Training for epochs =  10 learning rate =  0.001 Testing on  ['CVSplits/training03.data']
Loading...
Loading...
Loading...
Loading...
Loading...
Loading...
Loading...
Loading...
Loading...
Loading...
Training for epochs =  10 learning rate =  0.001 Testing on  ['CVSplits/training04.data']
Loading...
Loading...
Loading...
Loading...
Loading...
Loading...
Loading...
Loading...
Loading...
Loading...
Epoch: 1
[ 10 , 0.0121  +- 0.0068 ] [ 1 , 0.4117  +- 0.4625 ] [ 0.1 , 0.4854  +- 0.053 ] [ 0.01 , 0.625  +- 0.2051 ] [ 0.001 , 0.6266  +- 0.2004 ] [ 0.001 , 0.6802  +- 0.1805 ] 
Epoch: 2
[ 10 , 0.0121  +- 0.0068 ] [ 1 , 0.5  +- 0.0743 ] [ 0.1 , 0.5373  +- 0.0786 ] [ 0.01 , 0.5927  +- 0.2007 ] [ 0.001 , 0.725  +- 0.0531 ] [ 0.001 , 0.6877  +- 0.0754 ] 
Epoch: 3
[ 10 , 0.0121  +- 0.0068 ] [ 1 , 0.4986  +- 0.0742 ] [ 0.1 , 0.5047  +- 0.0872 ] [ 0.01 , 0.6072  +- 0.1744 ] [ 0.001 , 0.6905  +- 0.1608 ] [ 0.001 , 0.711  +- 0.1674 ] 
Epoch: 4
[ 10 , 0.0121  +- 0.0068 ] [ 1 , 0.1997  +- 0.5518 ] [ 0.1 , 0.5234  +- 0.0505 ] [ 0.01 , 0.5723  +- 0.1964 ] [ 0.001 , 0.7086  +- 0.1546 ] [ 0.001 , 0.7164  +- 0.0958 ] 
Epoch: 5
[ 10 , 0.0121  +- 0.0068 ] [ 1 , 0.2894  +- 0.5301 ] [ 0.1 , 0.5057  +- 0.077 ] [ 0.01 , 0.5716  +- 0.2483 ] [ 0.001 , 0.7156  +- 0.1722 ] [ 0.001 , 0.66  +- 0.0973 ] 
Epoch: 6
[ 10 , 0.0121  +- 0.0068 ] [ 1 , 0.3103  +- 0.5682 ] [ 0.1 , 0.5685  +- 0.0974 ] [ 0.01 , 0.6388  +- 0.2412 ] [ 0.001 , 0.6895  +- 0.1107 ] [ 0.001 , 0.6948  +- 0.1237 ] 
Epoch: 7
[ 10 , 0.0121  +- 0.0068 ] [ 1 , 0.1901  +- 0.5221 ] [ 0.1 , 0.5366  +- 0.074 ] [ 0.01 , 0.5592  +- 0.2444 ] [ 0.001 , 0.6422  +- 0.2464 ] [ 0.001 , 0.6944  +- 0.1602 ] 
Epoch: 8
[ 10 , 0.0121  +- 0.0068 ] [ 1 , 0.5007  +- 0.0743 ] [ 0.1 , 0.5021  +- 0.0718 ] [ 0.01 , 0.654  +- 0.1721 ] [ 0.001 , 0.6842  +- 0.1753 ] [ 0.001 , 0.6816  +- 0.1237 ] 
Epoch: 9
[ 10 , 0.0121  +- 0.0068 ] [ 1 , 0.4213  +- 0.4739 ] [ 0.1 , 0.4978  +- 0.0658 ] [ 0.01 , 0.6185  +- 0.1778 ] [ 0.001 , 0.691  +- 0.0997 ] [ 0.001 , 0.7526  +- 0.0342 ] 
Epoch: 10
[ 10 , 0.0121  +- 0.0068 ] [ 1 , 0.0996  +- 0.4456 ] [ 0.1 , 0.5933  +- 0.1776 ] [ 0.01 , 0.5393  +- 0.1689 ] [ 0.001 , 0.676  +- 0.1522 ] [ 0.001 , 0.7296  +- 0.0798 ] 
Max mean accuracy was for  9 epochs, with learning rate 0.001 [ 0.7526 +- 0.0342 ]

For margin = 0.01
Training for epochs =  10 learning rate =  10 Testing on  ['CVSplits/training00.data']
Loading...
Loading...
Loading...
Loading...
Loading...
Loading...
Loading...
Loading...
Loading...
Loading...
Training for epochs =  10 learning rate =  10 Testing on  ['CVSplits/training01.data']
Loading...
Loading...
Loading...
Loading...
Loading...
Loading...
Loading...
Loading...
Loading...
Loading...
Training for epochs =  10 learning rate =  10 Testing on  ['CVSplits/training02.data']
Loading...
Loading...
Loading...
Loading...
Loading...
Loading...
Loading...
Loading...
Loading...
Loading...
Training for epochs =  10 learning rate =  10 Testing on  ['CVSplits/training03.data']
Loading...
Loading...
Loading...
Loading...
Loading...
Loading...
Loading...
Loading...
Loading...
Loading...
Training for epochs =  10 learning rate =  10 Testing on  ['CVSplits/training04.data']
Loading...
Loading...
Loading...
Loading...
Loading...
Loading...
Loading...
Loading...
Loading...
Loading...
Training for epochs =  10 learning rate =  1 Testing on  ['CVSplits/training00.data']
Loading...
Loading...
Loading...
Loading...
Loading...
Loading...
Loading...
Loading...
Loading...
Loading...
Training for epochs =  10 learning rate =  1 Testing on  ['CVSplits/training01.data']
Loading...
Loading...
Loading...
Loading...
Loading...
Loading...
Loading...
Loading...
Loading...
Loading...
Training for epochs =  10 learning rate =  1 Testing on  ['CVSplits/training02.data']
Loading...
Loading...
Loading...
Loading...
Loading...
Loading...
Loading...
Loading...
Loading...
Loading...
Training for epochs =  10 learning rate =  1 Testing on  ['CVSplits/training03.data']
Loading...
Loading...
Loading...
Loading...
Loading...
Loading...
Loading...
Loading...
Loading...
Loading...
Training for epochs =  10 learning rate =  1 Testing on  ['CVSplits/training04.data']
Loading...
Loading...
Loading...
Loading...
Loading...
Loading...
Loading...
Loading...
Loading...
Loading...
Training for epochs =  10 learning rate =  0.1 Testing on  ['CVSplits/training00.data']
Loading...
Loading...
Loading...
Loading...
Loading...
Loading...
Loading...
Loading...
Loading...
Loading...
Training for epochs =  10 learning rate =  0.1 Testing on  ['CVSplits/training01.data']
Loading...
Loading...
Loading...
Loading...
Loading...
Loading...
Loading...
Loading...
Loading...
Loading...
Training for epochs =  10 learning rate =  0.1 Testing on  ['CVSplits/training02.data']
Loading...
Loading...
Loading...
Loading...
Loading...
Loading...
Loading...
Loading...
Loading...
Loading...
Training for epochs =  10 learning rate =  0.1 Testing on  ['CVSplits/training03.data']
Loading...
Loading...
Loading...
Loading...
Loading...
Loading...
Loading...
Loading...
Loading...
Loading...
Training for epochs =  10 learning rate =  0.1 Testing on  ['CVSplits/training04.data']
Loading...
Loading...
Loading...
Loading...
Loading...
Loading...
Loading...
Loading...
Loading...
Loading...
Training for epochs =  10 learning rate =  0.01 Testing on  ['CVSplits/training00.data']
Loading...
Loading...
Loading...
Loading...
Loading...
Loading...
Loading...
Loading...
Loading...
Loading...
Training for epochs =  10 learning rate =  0.01 Testing on  ['CVSplits/training01.data']
Loading...
Loading...
Loading...
Loading...
Loading...
Loading...
Loading...
Loading...
Loading...
Loading...
Training for epochs =  10 learning rate =  0.01 Testing on  ['CVSplits/training02.data']
Loading...
Loading...
Loading...
Loading...
Loading...
Loading...
Loading...
Loading...
Loading...
Loading...
Training for epochs =  10 learning rate =  0.01 Testing on  ['CVSplits/training03.data']
Loading...
Loading...
Loading...
Loading...
Loading...
Loading...
Loading...
Loading...
Loading...
Loading...
Training for epochs =  10 learning rate =  0.01 Testing on  ['CVSplits/training04.data']
Loading...
Loading...
Loading...
Loading...
Loading...
Loading...
Loading...
Loading...
Loading...
Loading...
Training for epochs =  10 learning rate =  0.001 Testing on  ['CVSplits/training00.data']
Loading...
Loading...
Loading...
Loading...
Loading...
Loading...
Loading...
Loading...
Loading...
Loading...
Training for epochs =  10 learning rate =  0.001 Testing on  ['CVSplits/training01.data']
Loading...
Loading...
Loading...
Loading...
Loading...
Loading...
Loading...
Loading...
Loading...
Loading...
Training for epochs =  10 learning rate =  0.001 Testing on  ['CVSplits/training02.data']
Loading...
Loading...
Loading...
Loading...
Loading...
Loading...
Loading...
Loading...
Loading...
Loading...
Training for epochs =  10 learning rate =  0.001 Testing on  ['CVSplits/training03.data']
Loading...
Loading...
Loading...
Loading...
Loading...
Loading...
Loading...
Loading...
Loading...
Loading...
Training for epochs =  10 learning rate =  0.001 Testing on  ['CVSplits/training04.data']
Loading...
Loading...
Loading...
Loading...
Loading...
Loading...
Loading...
Loading...
Loading...
Loading...
Training for epochs =  10 learning rate =  0.001 Testing on  ['CVSplits/training00.data']
Loading...
Loading...
Loading...
Loading...
Loading...
Loading...
Loading...
Loading...
Loading...
Loading...
Training for epochs =  10 learning rate =  0.001 Testing on  ['CVSplits/training01.data']
Loading...
Loading...
Loading...
Loading...
Loading...
Loading...
Loading...
Loading...
Loading...
Loading...
Training for epochs =  10 learning rate =  0.001 Testing on  ['CVSplits/training02.data']
Loading...
Loading...
Loading...
Loading...
Loading...
Loading...
Loading...
Loading...
Loading...
Loading...
Training for epochs =  10 learning rate =  0.001 Testing on  ['CVSplits/training03.data']
Loading...
Loading...
Loading...
Loading...
Loading...
Loading...
Loading...
Loading...
Loading...
Loading...
Training for epochs =  10 learning rate =  0.001 Testing on  ['CVSplits/training04.data']
Loading...
Loading...
Loading...
Loading...
Loading...
Loading...
Loading...
Loading...
Loading...
Loading...
Epoch: 1
[ 10 , 0.0099  +- 0.0122 ] [ 1 , 0.3096  +- 0.567 ] [ 0.1 , 0.4783  +- 0.0562 ] [ 0.01 , 0.4964  +- 0.0564 ] [ 0.001 , 0.5372  +- 0.2224 ] [ 0.001 , 0.5737  +- 0.2145 ] 
Epoch: 2
[ 10 , 0.0099  +- 0.0122 ] [ 1 , 0.411  +- 0.4618 ] [ 0.1 , 0.5345  +- 0.0758 ] [ 0.01 , 0.4978  +- 0.0669 ] [ 0.001 , 0.5241  +- 0.1665 ] [ 0.001 , 0.5163  +- 0.1397 ] 
Epoch: 3
[ 10 , 0.0099  +- 0.0122 ] [ 1 , 0.3114  +- 0.5699 ] [ 0.1 , 0.5603  +- 0.1635 ] [ 0.01 , 0.534  +- 0.1428 ] [ 0.001 , 0.5159  +- 0.1315 ] [ 0.001 , 0.5205  +- 0.1561 ] 
Epoch: 4
[ 10 , 0.0099  +- 0.0122 ] [ 1 , 0.4  +- 0.4533 ] [ 0.1 , 0.5207  +- 0.1536 ] [ 0.01 , 0.5422  +- 0.2089 ] [ 0.001 , 0.5436  +- 0.1711 ] [ 0.001 , 0.5007  +- 0.0797 ] 
Epoch: 5
[ 10 , 0.0099  +- 0.0122 ] [ 1 , 0.4007  +- 0.4541 ] [ 0.1 , 0.5029  +- 0.0923 ] [ 0.01 , 0.5024  +- 0.082 ] [ 0.001 , 0.5319  +- 0.1433 ] [ 0.001 , 0.5159  +- 0.1268 ] 
Epoch: 6
[ 10 , 0.0099  +- 0.0122 ] [ 1 , 0.4014  +- 0.4548 ] [ 0.1 , 0.5489  +- 0.157 ] [ 0.01 , 0.5592  +- 0.2675 ] [ 0.001 , 0.5024  +- 0.0768 ] [ 0.001 , 0.5088  +- 0.1025 ] 
Epoch: 7
[ 10 , 0.0099  +- 0.0122 ] [ 1 , 0.3121  +- 0.5712 ] [ 0.1 , 0.4833  +- 0.0347 ] [ 0.01 , 0.6028  +- 0.2957 ] [ 0.001 , 0.5078  +- 0.1126 ] [ 0.001 , 0.5266  +- 0.1821 ] 
Epoch: 8
[ 10 , 0.0099  +- 0.0122 ] [ 1 , 0.4794  +- 0.0583 ] [ 0.1 , 0.4968  +- 0.0953 ] [ 0.01 , 0.5595  +- 0.2252 ] [ 0.001 , 0.5258  +- 0.1808 ] [ 0.001 , 0.5049  +- 0.0901 ] 
Epoch: 9
[ 10 , 0.0099  +- 0.0122 ] [ 1 , 0.4007  +- 0.4541 ] [ 0.1 , 0.4837  +- 0.0674 ] [ 0.01 , 0.568  +- 0.2176 ] [ 0.001 , 0.5088  +- 0.107 ] [ 0.001 , 0.5106  +- 0.1112 ] 
Epoch: 10
[ 10 , 0.0099  +- 0.0122 ] [ 1 , 0.3107  +- 0.5687 ] [ 0.1 , 0.573  +- 0.253 ] [ 0.01 , 0.5822  +- 0.2318 ] [ 0.001 , 0.5102  +- 0.1145 ] [ 0.001 , 0.5067  +- 0.1004 ] 
Max mean accuracy was for  7 epochs, with learning rate 0.01 [ 0.6028 +- 0.2957 ]

For margin = 0.001
Training for epochs =  10 learning rate =  10 Testing on  ['CVSplits/training00.data']
Loading...
Loading...
Loading...
Loading...
Loading...
Loading...
Loading...
Loading...
Loading...
Loading...
Training for epochs =  10 learning rate =  10 Testing on  ['CVSplits/training01.data']
Loading...
Loading...
Loading...
Loading...
Loading...
Loading...
Loading...
Loading...
Loading...
Loading...
Training for epochs =  10 learning rate =  10 Testing on  ['CVSplits/training02.data']
Loading...
Loading...
Loading...
Loading...
Loading...
Loading...
Loading...
Loading...
Loading...
Loading...
Training for epochs =  10 learning rate =  10 Testing on  ['CVSplits/training03.data']
Loading...
Loading...
Loading...
Loading...
Loading...
Loading...
Loading...
Loading...
Loading...
Loading...
Training for epochs =  10 learning rate =  10 Testing on  ['CVSplits/training04.data']
Loading...
Loading...
Loading...
Loading...
Loading...
Loading...
Loading...
Loading...
Loading...
Loading...
Training for epochs =  10 learning rate =  1 Testing on  ['CVSplits/training00.data']
Loading...
Loading...
Loading...
Loading...
Loading...
Loading...
Loading...
Loading...
Loading...
Loading...
Training for epochs =  10 learning rate =  1 Testing on  ['CVSplits/training01.data']
Loading...
Loading...
Loading...
Loading...
Loading...
Loading...
Loading...
Loading...
Loading...
Loading...
Training for epochs =  10 learning rate =  1 Testing on  ['CVSplits/training02.data']
Loading...
Loading...
Loading...
Loading...
Loading...
Loading...
Loading...
Loading...
Loading...
Loading...
Training for epochs =  10 learning rate =  1 Testing on  ['CVSplits/training03.data']
Loading...
Loading...
Loading...
Loading...
Loading...
Loading...
Loading...
Loading...
Loading...
Loading...
Training for epochs =  10 learning rate =  1 Testing on  ['CVSplits/training04.data']
Loading...
Loading...
Loading...
Loading...
Loading...
Loading...
Loading...
Loading...
Loading...
Loading...
Training for epochs =  10 learning rate =  0.1 Testing on  ['CVSplits/training00.data']
Loading...
Loading...
Loading...
Loading...
Loading...
Loading...
Loading...
Loading...
Loading...
Loading...
Training for epochs =  10 learning rate =  0.1 Testing on  ['CVSplits/training01.data']
Loading...
Loading...
Loading...
Loading...
Loading...
Loading...
Loading...
Loading...
Loading...
Loading...
Training for epochs =  10 learning rate =  0.1 Testing on  ['CVSplits/training02.data']
Loading...
Loading...
Loading...
Loading...
Loading...
Loading...
Loading...
Loading...
Loading...
Loading...
Training for epochs =  10 learning rate =  0.1 Testing on  ['CVSplits/training03.data']
Loading...
Loading...
Loading...
Loading...
Loading...
Loading...
Loading...
Loading...
Loading...
Loading...
Training for epochs =  10 learning rate =  0.1 Testing on  ['CVSplits/training04.data']
Loading...
Loading...
Loading...
Loading...
Loading...
Loading...
Loading...
Loading...
Loading...
Loading...
Training for epochs =  10 learning rate =  0.01 Testing on  ['CVSplits/training00.data']
Loading...
Loading...
Loading...
Loading...
Loading...
Loading...
Loading...
Loading...
Loading...
Loading...
Training for epochs =  10 learning rate =  0.01 Testing on  ['CVSplits/training01.data']
Loading...
Loading...
Loading...
Loading...
Loading...
Loading...
Loading...
Loading...
Loading...
Loading...
Training for epochs =  10 learning rate =  0.01 Testing on  ['CVSplits/training02.data']
Loading...
Loading...
Loading...
Loading...
Loading...
Loading...
Loading...
Loading...
Loading...
Loading...
Training for epochs =  10 learning rate =  0.01 Testing on  ['CVSplits/training03.data']
Loading...
Loading...
Loading...
Loading...
Loading...
Loading...
Loading...
Loading...
Loading...
Loading...
Training for epochs =  10 learning rate =  0.01 Testing on  ['CVSplits/training04.data']
Loading...
Loading...
Loading...
Loading...
Loading...
Loading...
Loading...
Loading...
Loading...
Loading...
Training for epochs =  10 learning rate =  0.001 Testing on  ['CVSplits/training00.data']
Loading...
Loading...
Loading...
Loading...
Loading...
Loading...
Loading...
Loading...
Loading...
Loading...
Training for epochs =  10 learning rate =  0.001 Testing on  ['CVSplits/training01.data']
Loading...
Loading...
Loading...
Loading...
Loading...
Loading...
Loading...
Loading...
Loading...
Loading...
Training for epochs =  10 learning rate =  0.001 Testing on  ['CVSplits/training02.data']
Loading...
Loading...
Loading...
Loading...
Loading...
Loading...
Loading...
Loading...
Loading...
Loading...
