######################## Mode 9 : 5_SVM_Over_Trees ###########################
########################################################################

SVM over trees
Cross validation testing...
Cross validating for 50 Folder moreData/bt50/

For margin = 10
Training for epochs =  10 learning rate =  10 Testing on  ['moreData/bt50/CVSplits/training00.data']
Loading...
Loading...
Loading...
Loading...
Loading...
Loading...
Loading...
Loading...
Loading...
Loading...
Training for epochs =  10 learning rate =  10 Testing on  ['moreData/bt50/CVSplits/training01.data']
Loading...
Loading...
Loading...
Loading...
Loading...
Loading...
Loading...
Loading...
Loading...
Loading...
Training for epochs =  10 learning rate =  10 Testing on  ['moreData/bt50/CVSplits/training02.data']
Loading...
Loading...
Loading...
Loading...
Loading...
Loading...
Loading...
Loading...
Loading...
Loading...
Training for epochs =  10 learning rate =  10 Testing on  ['moreData/bt50/CVSplits/training03.data']
Loading...
Loading...
Loading...
Loading...
Loading...
Loading...
Loading...
Loading...
Loading...
Loading...
Training for epochs =  10 learning rate =  10 Testing on  ['moreData/bt50/CVSplits/training04.data']
Loading...
Loading...
Loading...
Loading...
Loading...
Loading...
Loading...
Loading...
Loading...
Loading...
Training for epochs =  10 learning rate =  1 Testing on  ['moreData/bt50/CVSplits/training00.data']
Loading...
Loading...
Loading...
Loading...
Loading...
Loading...
Loading...
Loading...
Loading...
Loading...
Training for epochs =  10 learning rate =  1 Testing on  ['moreData/bt50/CVSplits/training01.data']
Loading...
Loading...
Loading...
Loading...
Loading...
Loading...
Loading...
Loading...
Loading...
Loading...
Training for epochs =  10 learning rate =  1 Testing on  ['moreData/bt50/CVSplits/training02.data']
Loading...
Loading...
Loading...
Loading...
Loading...
Loading...
Loading...
Loading...
Loading...
Loading...
Training for epochs =  10 learning rate =  1 Testing on  ['moreData/bt50/CVSplits/training03.data']
Loading...
Loading...
Loading...
Loading...
Loading...
Loading...
Loading...
Loading...
Loading...
Loading...
Training for epochs =  10 learning rate =  1 Testing on  ['moreData/bt50/CVSplits/training04.data']
Loading...
Loading...
Loading...
Loading...
Loading...
Loading...
Loading...
Loading...
Loading...
Loading...
Training for epochs =  10 learning rate =  0.1 Testing on  ['moreData/bt50/CVSplits/training00.data']
Loading...
Loading...
Loading...
Loading...
Loading...
Loading...
Loading...
Loading...
Loading...
Loading...
Training for epochs =  10 learning rate =  0.1 Testing on  ['moreData/bt50/CVSplits/training01.data']
Loading...
Loading...
Loading...
Loading...
Loading...
Loading...
Loading...
Loading...
Loading...
Loading...
Training for epochs =  10 learning rate =  0.1 Testing on  ['moreData/bt50/CVSplits/training02.data']
Loading...
Loading...
Loading...
Loading...
Loading...
Loading...
Loading...
Loading...
Loading...
Loading...
Training for epochs =  10 learning rate =  0.1 Testing on  ['moreData/bt50/CVSplits/training03.data']
Loading...
Loading...
Loading...
Loading...
Loading...
Loading...
Loading...
Loading...
Loading...
Loading...
Training for epochs =  10 learning rate =  0.1 Testing on  ['moreData/bt50/CVSplits/training04.data']
Loading...
Loading...
Loading...
Loading...
Loading...
Loading...
Loading...
Loading...
Loading...
Loading...
Training for epochs =  10 learning rate =  0.01 Testing on  ['moreData/bt50/CVSplits/training00.data']
Loading...
Loading...
Loading...
Loading...
Loading...
Loading...
Loading...
Loading...
Loading...
Loading...
Training for epochs =  10 learning rate =  0.01 Testing on  ['moreData/bt50/CVSplits/training01.data']
Loading...
Loading...
Loading...
Loading...
Loading...
Loading...
Loading...
Loading...
Loading...
Loading...
Training for epochs =  10 learning rate =  0.01 Testing on  ['moreData/bt50/CVSplits/training02.data']
Loading...
Loading...
Loading...
Loading...
Loading...
Loading...
Loading...
Loading...
Loading...
Loading...
Training for epochs =  10 learning rate =  0.01 Testing on  ['moreData/bt50/CVSplits/training03.data']
Loading...
Loading...
Loading...
Loading...
Loading...
Loading...
Loading...
Loading...
Loading...
Loading...
Training for epochs =  10 learning rate =  0.01 Testing on  ['moreData/bt50/CVSplits/training04.data']
Loading...
Loading...
Loading...
Loading...
Loading...
Loading...
Loading...
Loading...
Loading...
Loading...
Training for epochs =  10 learning rate =  0.001 Testing on  ['moreData/bt50/CVSplits/training00.data']
Loading...
Loading...
Loading...
Loading...
Loading...
Loading...
Loading...
Loading...
Loading...
Loading...
Training for epochs =  10 learning rate =  0.001 Testing on  ['moreData/bt50/CVSplits/training01.data']
Loading...
Loading...
Loading...
Loading...
Loading...
Loading...
Loading...
Loading...
Loading...
Loading...
Training for epochs =  10 learning rate =  0.001 Testing on  ['moreData/bt50/CVSplits/training02.data']
Loading...
Loading...
Loading...
Loading...
Loading...
Loading...
Loading...
Loading...
Loading...
Loading...
Training for epochs =  10 learning rate =  0.001 Testing on  ['moreData/bt50/CVSplits/training03.data']
Loading...
Loading...
Loading...
Loading...
Loading...
Loading...
Loading...
Loading...
Loading...
Loading...
Training for epochs =  10 learning rate =  0.001 Testing on  ['moreData/bt50/CVSplits/training04.data']
Loading...
Loading...
Loading...
Loading...
Loading...
Loading...
Loading...
Loading...
Loading...
Loading...
Training for epochs =  10 learning rate =  0.0001 Testing on  ['moreData/bt50/CVSplits/training00.data']
Loading...
Loading...
Loading...
Loading...
Loading...
Loading...
Loading...
Loading...
Loading...
Loading...
Training for epochs =  10 learning rate =  0.0001 Testing on  ['moreData/bt50/CVSplits/training01.data']
Loading...
Loading...
Loading...
Loading...
Loading...
Loading...
Loading...
Loading...
Loading...
Loading...
Training for epochs =  10 learning rate =  0.0001 Testing on  ['moreData/bt50/CVSplits/training02.data']
Loading...
Loading...
Loading...
Loading...
Loading...
Loading...
Loading...
Loading...
Loading...
Loading...
Training for epochs =  10 learning rate =  0.0001 Testing on  ['moreData/bt50/CVSplits/training03.data']
Loading...
Loading...
Loading...
Loading...
Loading...
Loading...
Loading...
Loading...
Loading...
Loading...
Training for epochs =  10 learning rate =  0.0001 Testing on  ['moreData/bt50/CVSplits/training04.data']
Loading...
Loading...
Loading...
Loading...
Loading...
Loading...
Loading...
Loading...
Loading...
Loading...
Epoch: 1
[ 10 , 0.0522  +- 0.0664 ] [ 1 , 0.4008  +- 0.4489 ] [ 0.1 , 0.5487  +- 0.1781 ] [ 0.01 , 0.6024  +- 0.1816 ] [ 0.001 , 0.6221  +- 0.1623 ] [ 0.0001 , 0.7434  +- 0.0342 ] 
Epoch: 2
[ 10 , 0.1177  +- 0.1259 ] [ 1 , 0.3022  +- 0.5521 ] [ 0.1 , 0.5149  +- 0.0133 ] [ 0.01 , 0.6617  +- 0.215 ] [ 0.001 , 0.6708  +- 0.2087 ] [ 0.0001 , 0.7537  +- 0.0138 ] 
Epoch: 3
[ 10 , 0.0522  +- 0.0664 ] [ 1 , 0.3913  +- 0.4381 ] [ 0.1 , 0.5142  +- 0.0311 ] [ 0.01 , 0.5983  +- 0.1737 ] [ 0.001 , 0.598  +- 0.1492 ] [ 0.0001 , 0.7157  +- 0.0998 ] 
Epoch: 4
[ 10 , 0.1177  +- 0.1259 ] [ 1 , 0.412  +- 0.4609 ] [ 0.1 , 0.5418  +- 0.1808 ] [ 0.01 , 0.6786  +- 0.1924 ] [ 0.001 , 0.6446  +- 0.1481 ] [ 0.0001 , 0.7545  +- 0.0687 ] 
Epoch: 5
[ 10 , 0.0522  +- 0.0664 ] [ 1 , 0.3058  +- 0.559 ] [ 0.1 , 0.4989  +- 0.0358 ] [ 0.01 , 0.5914  +- 0.2054 ] [ 0.001 , 0.5723  +- 0.2184 ] [ 0.0001 , 0.7343  +- 0.1691 ] 
Epoch: 6
[ 10 , 0.1177  +- 0.1259 ] [ 1 , 0.2896  +- 0.5288 ] [ 0.1 , 0.5301  +- 0.0818 ] [ 0.01 , 0.62  +- 0.1578 ] [ 0.001 , 0.6688  +- 0.0889 ] [ 0.0001 , 0.7527  +- 0.077 ] 
Epoch: 7
[ 10 , 0.0522  +- 0.0664 ] [ 1 , 0.3037  +- 0.5553 ] [ 0.1 , 0.5089  +- 0.0258 ] [ 0.01 , 0.6115  +- 0.1851 ] [ 0.001 , 0.6877  +- 0.1478 ] [ 0.0001 , 0.7654  +- 0.0098 ] 
Epoch: 8
[ 10 , 0.1177  +- 0.1259 ] [ 1 , 0.3992  +- 0.447 ] [ 0.1 , 0.5043  +- 0.0342 ] [ 0.01 , 0.5102  +- 0.0753 ] [ 0.001 , 0.7275  +- 0.1008 ] [ 0.0001 , 0.7474  +- 0.0448 ] 
Epoch: 9
[ 10 , 0.0522  +- 0.0664 ] [ 1 , 0.3058  +- 0.559 ] [ 0.1 , 0.5312  +- 0.0742 ] [ 0.01 , 0.5757  +- 0.2518 ] [ 0.001 , 0.6755  +- 0.2152 ] [ 0.0001 , 0.7438  +- 0.0522 ] 
Epoch: 10
[ 10 , 0.1177  +- 0.1259 ] [ 1 , 0.397  +- 0.4452 ] [ 0.1 , 0.4908  +- 0.0294 ] [ 0.01 , 0.5953  +- 0.1635 ] [ 0.001 , 0.6655  +- 0.1803 ] [ 0.0001 , 0.7431  +- 0.0661 ] 
Max mean accuracy was for  7 epochs, with learning rate 0.0001 [ 0.7654 +- 0.0098 ]

For margin = 1
Training for epochs =  10 learning rate =  10 Testing on  ['moreData/bt50/CVSplits/training00.data']
Loading...
Loading...
Loading...
Loading...
Loading...
Loading...
Loading...
Loading...
Loading...
Loading...
Training for epochs =  10 learning rate =  10 Testing on  ['moreData/bt50/CVSplits/training01.data']
Loading...
Loading...
Loading...
Loading...
Loading...
Loading...
Loading...
Loading...
Loading...
Loading...
Training for epochs =  10 learning rate =  10 Testing on  ['moreData/bt50/CVSplits/training02.data']
Loading...
Loading...
Loading...
Loading...
Loading...
Loading...
Loading...
Loading...
Loading...
Loading...
Training for epochs =  10 learning rate =  10 Testing on  ['moreData/bt50/CVSplits/training03.data']
Loading...
Loading...
Loading...
Loading...
Loading...
Loading...
Loading...
Loading...
Loading...
Loading...
Training for epochs =  10 learning rate =  10 Testing on  ['moreData/bt50/CVSplits/training04.data']
Loading...
Loading...
Loading...
Loading...
Loading...
Loading...
Loading...
Loading...
Loading...
Loading...
Training for epochs =  10 learning rate =  1 Testing on  ['moreData/bt50/CVSplits/training00.data']
Loading...
Loading...
Loading...
Loading...
Loading...
Loading...
Loading...
Loading...
Loading...
Loading...
Training for epochs =  10 learning rate =  1 Testing on  ['moreData/bt50/CVSplits/training01.data']
Loading...
Loading...
Loading...
Loading...
Loading...
Loading...
Loading...
Loading...
Loading...
Loading...
Training for epochs =  10 learning rate =  1 Testing on  ['moreData/bt50/CVSplits/training02.data']
Loading...
Loading...
Loading...
Loading...
Loading...
Loading...
Loading...
Loading...
Loading...
Loading...
Training for epochs =  10 learning rate =  1 Testing on  ['moreData/bt50/CVSplits/training03.data']
Loading...
Loading...
Loading...
Loading...
Loading...
Loading...
Loading...
Loading...
Loading...
Loading...
Training for epochs =  10 learning rate =  1 Testing on  ['moreData/bt50/CVSplits/training04.data']
Loading...
Loading...
Loading...
Loading...
Loading...
Loading...
Loading...
Loading...
Loading...
Loading...
Training for epochs =  10 learning rate =  0.1 Testing on  ['moreData/bt50/CVSplits/training00.data']
Loading...
Loading...
Loading...
Loading...
Loading...
Loading...
Loading...
Loading...
Loading...
Loading...
Training for epochs =  10 learning rate =  0.1 Testing on  ['moreData/bt50/CVSplits/training01.data']
Loading...
Loading...
Loading...
Loading...
Loading...
Loading...
Loading...
Loading...
Loading...
Loading...
Training for epochs =  10 learning rate =  0.1 Testing on  ['moreData/bt50/CVSplits/training02.data']
Loading...
Loading...
Loading...
Loading...
Loading...
Loading...
Loading...
Loading...
Loading...
Loading...
Training for epochs =  10 learning rate =  0.1 Testing on  ['moreData/bt50/CVSplits/training03.data']
Loading...
Loading...
Loading...
Loading...
Loading...
Loading...
Loading...
Loading...
Loading...
Loading...
Training for epochs =  10 learning rate =  0.1 Testing on  ['moreData/bt50/CVSplits/training04.data']
Loading...
Loading...
Loading...
Loading...
Loading...
Loading...
Loading...
Loading...
Loading...
Loading...
Training for epochs =  10 learning rate =  0.01 Testing on  ['moreData/bt50/CVSplits/training00.data']
Loading...
Loading...
Loading...
Loading...
Loading...
Loading...
Loading...
Loading...
Loading...
Loading...
Training for epochs =  10 learning rate =  0.01 Testing on  ['moreData/bt50/CVSplits/training01.data']
Loading...
Loading...
Loading...
Loading...
Loading...
Loading...
Loading...
Loading...
Loading...
Loading...
Training for epochs =  10 learning rate =  0.01 Testing on  ['moreData/bt50/CVSplits/training02.data']
Loading...
Loading...
Loading...
Loading...
Loading...
Loading...
Loading...
Loading...
Loading...
Loading...
Training for epochs =  10 learning rate =  0.01 Testing on  ['moreData/bt50/CVSplits/training03.data']
Loading...
Loading...
Loading...
Loading...
Loading...
Loading...
Loading...
Loading...
Loading...
Loading...
Training for epochs =  10 learning rate =  0.01 Testing on  ['moreData/bt50/CVSplits/training04.data']
Loading...
Loading...
Loading...
Loading...
Loading...
Loading...
Loading...
Loading...
Loading...
Loading...
Training for epochs =  10 learning rate =  0.001 Testing on  ['moreData/bt50/CVSplits/training00.data']
Loading...
Loading...
Loading...
Loading...
Loading...
Loading...
Loading...
Loading...
Loading...
Loading...
Training for epochs =  10 learning rate =  0.001 Testing on  ['moreData/bt50/CVSplits/training01.data']
Loading...
Loading...
Loading...
Loading...
Loading...
Loading...
Loading...
Loading...
Loading...
Loading...
Training for epochs =  10 learning rate =  0.001 Testing on  ['moreData/bt50/CVSplits/training02.data']
Loading...
Loading...
Loading...
Loading...
Loading...
Loading...
Loading...
Loading...
Loading...
Loading...
Training for epochs =  10 learning rate =  0.001 Testing on  ['moreData/bt50/CVSplits/training03.data']
Loading...
Loading...
Loading...
Loading...
Loading...
Loading...
Loading...
Loading...
Loading...
Loading...
Training for epochs =  10 learning rate =  0.001 Testing on  ['moreData/bt50/CVSplits/training04.data']
Loading...
Loading...
Loading...
Loading...
Loading...
Loading...
Loading...
Loading...
Loading...
Loading...
Training for epochs =  10 learning rate =  0.0001 Testing on  ['moreData/bt50/CVSplits/training00.data']
Loading...
Loading...
Loading...
Loading...
Loading...
Loading...
Loading...
Loading...
Loading...
Loading...
Training for epochs =  10 learning rate =  0.0001 Testing on  ['moreData/bt50/CVSplits/training01.data']
Loading...
Loading...
Loading...
Loading...
Loading...
Loading...
Loading...
Loading...
Loading...
Loading...
Training for epochs =  10 learning rate =  0.0001 Testing on  ['moreData/bt50/CVSplits/training02.data']
Loading...
Loading...
Loading...
Loading...
Loading...
Loading...
Loading...
Loading...
Loading...
Loading...
Training for epochs =  10 learning rate =  0.0001 Testing on  ['moreData/bt50/CVSplits/training03.data']
Loading...
Loading...
Loading...
Loading...
Loading...
Loading...
Loading...
Loading...
Loading...
Loading...
Training for epochs =  10 learning rate =  0.0001 Testing on  ['moreData/bt50/CVSplits/training04.data']
Loading...
Loading...
Loading...
Loading...
Loading...
Loading...
Loading...
Loading...
Loading...
Loading...
Epoch: 1
[ 10 , 0.04  +- 0.0792 ] [ 1 , 0.3097  +- 0.5656 ] [ 0.1 , 0.529  +- 0.1429 ] [ 0.01 , 0.6027  +- 0.1723 ] [ 0.001 , 0.7157  +- 0.0517 ] [ 0.0001 , 0.7193  +- 0.0476 ] 
Epoch: 2
[ 10 , 0.0273  +- 0.0559 ] [ 1 , 0.2001  +- 0.5485 ] [ 0.1 , 0.5377  +- 0.1871 ] [ 0.01 , 0.5637  +- 0.2122 ] [ 0.001 , 0.7265  +- 0.1179 ] [ 0.0001 , 0.7243  +- 0.0323 ] 
Epoch: 3
[ 10 , 0.04  +- 0.0792 ] [ 1 , 0.2074  +- 0.5682 ] [ 0.1 , 0.4943  +- 0.0335 ] [ 0.01 , 0.6448  +- 0.1519 ] [ 0.001 , 0.7091  +- 0.0941 ] [ 0.0001 , 0.7381  +- 0.0143 ] 
Epoch: 4
[ 10 , 0.0273  +- 0.0559 ] [ 1 , 0.3927  +- 0.4399 ] [ 0.1 , 0.529  +- 0.1839 ] [ 0.01 , 0.5927  +- 0.0942 ] [ 0.001 , 0.6985  +- 0.1359 ] [ 0.0001 , 0.7279  +- 0.0362 ] 
Epoch: 5
[ 10 , 0.04  +- 0.0792 ] [ 1 , 0.4038  +- 0.452 ] [ 0.1 , 0.4954  +- 0.0344 ] [ 0.01 , 0.5967  +- 0.2154 ] [ 0.001 , 0.7068  +- 0.0836 ] [ 0.0001 , 0.736  +- 0.0304 ] 
Epoch: 6
[ 10 , 0.0273  +- 0.0559 ] [ 1 , 0.4954  +- 0.0343 ] [ 0.1 , 0.5092  +- 0.0294 ] [ 0.01 , 0.6489  +- 0.2117 ] [ 0.001 , 0.7057  +- 0.0646 ] [ 0.0001 , 0.7435  +- 0.0227 ] 
Epoch: 7
[ 10 , 0.04  +- 0.0792 ] [ 1 , 0.301  +- 0.55 ] [ 0.1 , 0.5  +- 0.0359 ] [ 0.01 , 0.6473  +- 0.1595 ] [ 0.001 , 0.6794  +- 0.1164 ] [ 0.0001 , 0.7392  +- 0.0351 ] 
Epoch: 8
[ 10 , 0.0273  +- 0.0559 ] [ 1 , 0.2998  +- 0.5483 ] [ 0.1 , 0.5347  +- 0.1753 ] [ 0.01 , 0.6492  +- 0.1916 ] [ 0.001 , 0.6476  +- 0.1397 ] [ 0.0001 , 0.7456  +- 0.0097 ] 
Epoch: 9
[ 10 , 0.04  +- 0.0792 ] [ 1 , 0.3906  +- 0.4374 ] [ 0.1 , 0.5057  +- 0.0335 ] [ 0.01 , 0.5914  +- 0.2552 ] [ 0.001 , 0.7058  +- 0.054 ] [ 0.0001 , 0.7477  +- 0.0267 ] 
Epoch: 10
[ 10 , 0.0273  +- 0.0559 ] [ 1 , 0.2074  +- 0.5682 ] [ 0.1 , 0.5397  +- 0.1714 ] [ 0.01 , 0.6578  +- 0.1961 ] [ 0.001 , 0.6854  +- 0.1082 ] [ 0.0001 , 0.7477  +- 0.0447 ] 
Max mean accuracy was for  10 epochs, with learning rate 0.0001 [ 0.7477 +- 0.0447 ]

For margin = 0.1
Training for epochs =  10 learning rate =  10 Testing on  ['moreData/bt50/CVSplits/training00.data']
Loading...
Loading...
Loading...
Loading...
Loading...
Loading...
Loading...
Loading...
Loading...
Loading...
Training for epochs =  10 learning rate =  10 Testing on  ['moreData/bt50/CVSplits/training01.data']
Loading...
Loading...
Loading...
Loading...
Loading...
Loading...
Loading...
Loading...
Loading...
Loading...
Training for epochs =  10 learning rate =  10 Testing on  ['moreData/bt50/CVSplits/training02.data']
Loading...
Loading...
Loading...
Loading...
Loading...
Loading...
Loading...
Loading...
Loading...
Loading...
Training for epochs =  10 learning rate =  10 Testing on  ['moreData/bt50/CVSplits/training03.data']
Loading...
Loading...
Loading...
Loading...
Loading...
Loading...
Loading...
Loading...
Loading...
Loading...
Training for epochs =  10 learning rate =  10 Testing on  ['moreData/bt50/CVSplits/training04.data']
Loading...
Loading...
Loading...
Loading...
Loading...
Loading...
Loading...
Loading...
Loading...
Loading...
Training for epochs =  10 learning rate =  1 Testing on  ['moreData/bt50/CVSplits/training00.data']
Loading...
Loading...
Loading...
Loading...
Loading...
Loading...
Loading...
Loading...
Loading...
Loading...
Training for epochs =  10 learning rate =  1 Testing on  ['moreData/bt50/CVSplits/training01.data']
Loading...
Loading...
Loading...
Loading...
Loading...
Loading...
Loading...
Loading...
Loading...
Loading...
Training for epochs =  10 learning rate =  1 Testing on  ['moreData/bt50/CVSplits/training02.data']
Loading...
Loading...
Loading...
Loading...
Loading...
Loading...
Loading...
Loading...
Loading...
Loading...
Training for epochs =  10 learning rate =  1 Testing on  ['moreData/bt50/CVSplits/training03.data']
Loading...
Loading...
Loading...
Loading...
Loading...
Loading...
Loading...
Loading...
Loading...
Loading...
Training for epochs =  10 learning rate =  1 Testing on  ['moreData/bt50/CVSplits/training04.data']
Loading...
Loading...
Loading...
Loading...
Loading...
Loading...
Loading...
Loading...
Loading...
Loading...
Training for epochs =  10 learning rate =  0.1 Testing on  ['moreData/bt50/CVSplits/training00.data']
Loading...
Loading...
Loading...
Loading...
Loading...
Loading...
Loading...
Loading...
Loading...
Loading...
Training for epochs =  10 learning rate =  0.1 Testing on  ['moreData/bt50/CVSplits/training01.data']
Loading...
Loading...
Loading...
Loading...
Loading...
Loading...
Loading...
Loading...
Loading...
Loading...
Training for epochs =  10 learning rate =  0.1 Testing on  ['moreData/bt50/CVSplits/training02.data']
Loading...
Loading...
Loading...
Loading...
Loading...
Loading...
Loading...
Loading...
Loading...
Loading...
Training for epochs =  10 learning rate =  0.1 Testing on  ['moreData/bt50/CVSplits/training03.data']
Loading...
Loading...
Loading...
Loading...
Loading...
Loading...
Loading...
Loading...
Loading...
Loading...
Training for epochs =  10 learning rate =  0.1 Testing on  ['moreData/bt50/CVSplits/training04.data']
Loading...
Loading...
Loading...
Loading...
Loading...
Loading...
Loading...
Loading...
Loading...
Loading...
Training for epochs =  10 learning rate =  0.01 Testing on  ['moreData/bt50/CVSplits/training00.data']
Loading...
Loading...
Loading...
Loading...
Loading...
Loading...
Loading...
Loading...
Loading...
Loading...
Training for epochs =  10 learning rate =  0.01 Testing on  ['moreData/bt50/CVSplits/training01.data']
Loading...
Loading...
Loading...
Loading...
Loading...
Loading...
Loading...
Loading...
Loading...
Loading...
Training for epochs =  10 learning rate =  0.01 Testing on  ['moreData/bt50/CVSplits/training02.data']
Loading...
Loading...
Loading...
Loading...
Loading...
Loading...
Loading...
Loading...
Loading...
Loading...
Training for epochs =  10 learning rate =  0.01 Testing on  ['moreData/bt50/CVSplits/training03.data']
Loading...
Loading...
Loading...
Loading...
Loading...
Loading...
Loading...
Loading...
Loading...
Loading...
Training for epochs =  10 learning rate =  0.01 Testing on  ['moreData/bt50/CVSplits/training04.data']
Loading...
Loading...
Loading...
Loading...
Loading...
Loading...
Loading...
Loading...
Loading...
Loading...
Training for epochs =  10 learning rate =  0.001 Testing on  ['moreData/bt50/CVSplits/training00.data']
Loading...
Loading...
Loading...
Loading...
Loading...
Loading...
Loading...
Loading...
Loading...
Loading...
Training for epochs =  10 learning rate =  0.001 Testing on  ['moreData/bt50/CVSplits/training01.data']
Loading...
Loading...
Loading...
Loading...
Loading...
Loading...
Loading...
Loading...
Loading...
Loading...
Training for epochs =  10 learning rate =  0.001 Testing on  ['moreData/bt50/CVSplits/training02.data']
Loading...
Loading...
Loading...
Loading...
Loading...
Loading...
Loading...
Loading...
Loading...
Loading...
Training for epochs =  10 learning rate =  0.001 Testing on  ['moreData/bt50/CVSplits/training03.data']
Loading...
Loading...
Loading...
Loading...
Loading...
Loading...
Loading...
Loading...
Loading...
Loading...
Training for epochs =  10 learning rate =  0.001 Testing on  ['moreData/bt50/CVSplits/training04.data']
Loading...
Loading...
Loading...
Loading...
Loading...
Loading...
Loading...
Loading...
Loading...
Loading...
Training for epochs =  10 learning rate =  0.0001 Testing on  ['moreData/bt50/CVSplits/training00.data']
Loading...
Loading...
Loading...
Loading...
Loading...
Loading...
Loading...
Loading...
Loading...
Loading...
Training for epochs =  10 learning rate =  0.0001 Testing on  ['moreData/bt50/CVSplits/training01.data']
Loading...
Loading...
Loading...
Loading...
Loading...
Loading...
Loading...
Loading...
Loading...
Loading...
Training for epochs =  10 learning rate =  0.0001 Testing on  ['moreData/bt50/CVSplits/training02.data']
Loading...
Loading...
Loading...
Loading...
Loading...
Loading...
Loading...
Loading...
Loading...
Loading...
Training for epochs =  10 learning rate =  0.0001 Testing on  ['moreData/bt50/CVSplits/training03.data']
Loading...
Loading...
Loading...
Loading...
Loading...
Loading...
Loading...
Loading...
Loading...
Loading...
Training for epochs =  10 learning rate =  0.0001 Testing on  ['moreData/bt50/CVSplits/training04.data']
Loading...
Loading...
Loading...
Loading...
Loading...
Loading...
Loading...
Loading...
Loading...
Loading...
Epoch: 1
[ 10 , 0.0258  +- 0.0564 ] [ 1 , 0.301  +- 0.55 ] [ 0.1 , 0.529  +- 0.1839 ] [ 0.01 , 0.6639  +- 0.0979 ] [ 0.001 , 0.7104  +- 0.024 ] [ 0.0001 , 0.5883  +- 0.218 ] 
Epoch: 2
[ 10 , 0.0234  +- 0.0381 ] [ 1 , 0.3044  +- 0.5564 ] [ 0.1 , 0.4986  +- 0.0357 ] [ 0.01 , 0.5807  +- 0.1924 ] [ 0.001 , 0.6998  +- 0.0341 ] [ 0.0001 , 0.7136  +- 0.0217 ] 
Epoch: 3
[ 10 , 0.0258  +- 0.0564 ] [ 1 , 0.494  +- 0.0333 ] [ 0.1 , 0.5103  +- 0.0275 ] [ 0.01 , 0.6754  +- 0.1215 ] [ 0.001 , 0.7136  +- 0.0371 ] [ 0.0001 , 0.7125  +- 0.0291 ] 
Epoch: 4
[ 10 , 0.0234  +- 0.0381 ] [ 1 , 0.4008  +- 0.4489 ] [ 0.1 , 0.5  +- 0.0359 ] [ 0.01 , 0.6501  +- 0.1679 ] [ 0.001 , 0.71  +- 0.0565 ] [ 0.0001 , 0.6966  +- 0.0404 ] 
Epoch: 5
[ 10 , 0.0258  +- 0.0564 ] [ 1 , 0.2918  +- 0.5328 ] [ 0.1 , 0.5415  +- 0.1931 ] [ 0.01 , 0.6913  +- 0.0654 ] [ 0.001 , 0.7015  +- 0.0432 ] [ 0.0001 , 0.7009  +- 0.0271 ] 
Epoch: 6
[ 10 , 0.0234  +- 0.0381 ] [ 1 , 0.5  +- 0.0359 ] [ 0.1 , 0.5042  +- 0.0366 ] [ 0.01 , 0.6414  +- 0.1647 ] [ 0.001 , 0.7055  +- 0.0217 ] [ 0.0001 , 0.7037  +- 0.0443 ] 
Epoch: 7
[ 10 , 0.0258  +- 0.0564 ] [ 1 , 0.4911  +- 0.0299 ] [ 0.1 , 0.545  +- 0.1467 ] [ 0.01 , 0.6144  +- 0.1824 ] [ 0.001 , 0.7098  +- 0.0343 ] [ 0.0001 , 0.7048  +- 0.0455 ] 
Epoch: 8
[ 10 , 0.0234  +- 0.0381 ] [ 1 , 0.2961  +- 0.5414 ] [ 0.1 , 0.4943  +- 0.0359 ] [ 0.01 , 0.6443  +- 0.2049 ] [ 0.001 , 0.6948  +- 0.027 ] [ 0.0001 , 0.7041  +- 0.0266 ] 
Epoch: 9
[ 10 , 0.0258  +- 0.0564 ] [ 1 , 0.5015  +- 0.0357 ] [ 0.1 , 0.518  +- 0.1477 ] [ 0.01 , 0.6503  +- 0.1104 ] [ 0.001 , 0.7091  +- 0.0386 ] [ 0.0001 , 0.7069  +- 0.0397 ] 
Epoch: 10
[ 10 , 0.0234  +- 0.0381 ] [ 1 , 0.3057  +- 0.5588 ] [ 0.1 , 0.5485  +- 0.1648 ] [ 0.01 , 0.611  +- 0.1392 ] [ 0.001 , 0.6934  +- 0.035 ] [ 0.0001 , 0.7059  +- 0.0381 ] 
Max mean accuracy was for  3 epochs, with learning rate 0.001 [ 0.7136 +- 0.0371 ]

For margin = 0.01
Training for epochs =  10 learning rate =  10 Testing on  ['moreData/bt50/CVSplits/training00.data']
Loading...
Loading...
Loading...
Loading...
Loading...
Loading...
Loading...
Loading...
Loading...
Loading...
Training for epochs =  10 learning rate =  10 Testing on  ['moreData/bt50/CVSplits/training01.data']
Loading...
Loading...
Loading...
Loading...
Loading...
Loading...
Loading...
Loading...
Loading...
Loading...
Training for epochs =  10 learning rate =  10 Testing on  ['moreData/bt50/CVSplits/training02.data']
Loading...
Loading...
Loading...
Loading...
Loading...
Loading...
Loading...
Loading...
Loading...
Loading...
Training for epochs =  10 learning rate =  10 Testing on  ['moreData/bt50/CVSplits/training03.data']
Loading...
Loading...
Loading...
Loading...
Loading...
Loading...
Loading...
Loading...
Loading...
Loading...
Training for epochs =  10 learning rate =  10 Testing on  ['moreData/bt50/CVSplits/training04.data']
Loading...
Loading...
Loading...
Loading...
Loading...
Loading...
Loading...
Loading...
Loading...
Loading...
Training for epochs =  10 learning rate =  1 Testing on  ['moreData/bt50/CVSplits/training00.data']
Loading...
Loading...
Loading...
Loading...
Loading...
Loading...
Loading...
Loading...
Loading...
Loading...
Training for epochs =  10 learning rate =  1 Testing on  ['moreData/bt50/CVSplits/training01.data']
Loading...
Loading...
Loading...
Loading...
Loading...
Loading...
Loading...
Loading...
Loading...
Loading...
Training for epochs =  10 learning rate =  1 Testing on  ['moreData/bt50/CVSplits/training02.data']
Loading...
Loading...
Loading...
Loading...
Loading...
Loading...
Loading...
Loading...
Loading...
Loading...
Training for epochs =  10 learning rate =  1 Testing on  ['moreData/bt50/CVSplits/training03.data']
Loading...
Loading...
Loading...
Loading...
Loading...
Loading...
Loading...
Loading...
Loading...
Loading...
Training for epochs =  10 learning rate =  1 Testing on  ['moreData/bt50/CVSplits/training04.data']
Loading...
Loading...
Loading...
Loading...
Loading...
Loading...
Loading...
Loading...
Loading...
Loading...
Training for epochs =  10 learning rate =  0.1 Testing on  ['moreData/bt50/CVSplits/training00.data']
Loading...
Loading...
Loading...
Loading...
Loading...
Loading...
Loading...
Loading...
Loading...
Loading...
Training for epochs =  10 learning rate =  0.1 Testing on  ['moreData/bt50/CVSplits/training01.data']
Loading...
Loading...
Loading...
Loading...
Loading...
Loading...
Loading...
Loading...
Loading...
Loading...
Training for epochs =  10 learning rate =  0.1 Testing on  ['moreData/bt50/CVSplits/training02.data']
Loading...
Loading...
Loading...
Loading...
Loading...
Loading...
Loading...
Loading...
Loading...
Loading...
Training for epochs =  10 learning rate =  0.1 Testing on  ['moreData/bt50/CVSplits/training03.data']
Loading...
Loading...
Loading...
Loading...
Loading...
Loading...
Loading...
Loading...
Loading...
Loading...
Training for epochs =  10 learning rate =  0.1 Testing on  ['moreData/bt50/CVSplits/training04.data']
Loading...
Loading...
Loading...
Loading...
Loading...
Loading...
Loading...
Loading...
Loading...
Loading...
Training for epochs =  10 learning rate =  0.01 Testing on  ['moreData/bt50/CVSplits/training00.data']
Loading...
Loading...
Loading...
Loading...
Loading...
Loading...
Loading...
Loading...
Loading...
Loading...
Training for epochs =  10 learning rate =  0.01 Testing on  ['moreData/bt50/CVSplits/training01.data']
Loading...
Loading...
Loading...
Loading...
Loading...
Loading...
Loading...
Loading...
Loading...
Loading...
Training for epochs =  10 learning rate =  0.01 Testing on  ['moreData/bt50/CVSplits/training02.data']
Loading...
Loading...
Loading...
Loading...
Loading...
Loading...
Loading...
Loading...
Loading...
Loading...
Training for epochs =  10 learning rate =  0.01 Testing on  ['moreData/bt50/CVSplits/training03.data']
Loading...
Loading...
Loading...
Loading...
Loading...
Loading...
Loading...
Loading...
Loading...
Loading...
Training for epochs =  10 learning rate =  0.01 Testing on  ['moreData/bt50/CVSplits/training04.data']
Loading...
Loading...
Loading...
Loading...
Loading...
Loading...
Loading...
Loading...
Loading...
Loading...
Training for epochs =  10 learning rate =  0.001 Testing on  ['moreData/bt50/CVSplits/training00.data']
Loading...
Loading...
Loading...
Loading...
Loading...
Loading...
Loading...
Loading...
Loading...
Loading...
Training for epochs =  10 learning rate =  0.001 Testing on  ['moreData/bt50/CVSplits/training01.data']
Loading...
Loading...
Loading...
Loading...
Loading...
Loading...
Loading...
Loading...
Loading...
Loading...
Training for epochs =  10 learning rate =  0.001 Testing on  ['moreData/bt50/CVSplits/training02.data']
Loading...
Loading...
Loading...
Loading...
Loading...
Loading...
Loading...
Loading...
Loading...
Loading...
Training for epochs =  10 learning rate =  0.001 Testing on  ['moreData/bt50/CVSplits/training03.data']
Loading...
Loading...
Loading...
Loading...
Loading...
Loading...
Loading...
Loading...
Loading...
Loading...
Training for epochs =  10 learning rate =  0.001 Testing on  ['moreData/bt50/CVSplits/training04.data']
Loading...
Loading...
Loading...
Loading...
Loading...
Loading...
Loading...
Loading...
Loading...
Loading...
Training for epochs =  10 learning rate =  0.0001 Testing on  ['moreData/bt50/CVSplits/training00.data']
Loading...
Loading...
Loading...
Loading...
Loading...
Loading...
Loading...
Loading...
Loading...
Loading...
Training for epochs =  10 learning rate =  0.0001 Testing on  ['moreData/bt50/CVSplits/training01.data']
Loading...
Loading...
Loading...
Loading...
Loading...
Loading...
Loading...
Loading...
Loading...
Loading...
Training for epochs =  10 learning rate =  0.0001 Testing on  ['moreData/bt50/CVSplits/training02.data']
Loading...
Loading...
Loading...
Loading...
Loading...
Loading...
Loading...
Loading...
Loading...
Loading...
Training for epochs =  10 learning rate =  0.0001 Testing on  ['moreData/bt50/CVSplits/training03.data']
Loading...
Loading...
Loading...
Loading...
Loading...
Loading...
Loading...
Loading...
Loading...
Loading...
Training for epochs =  10 learning rate =  0.0001 Testing on  ['moreData/bt50/CVSplits/training04.data']
Loading...
Loading...
Loading...
Loading...
Loading...
Loading...
Loading...
Loading...
Loading...
Loading...
Epoch: 1
[ 10 , 0.0007  +- 0.0032 ] [ 1 , 0.3058  +- 0.559 ] [ 0.1 , 0.5644  +- 0.2247 ] [ 0.01 , 0.5979  +- 0.2183 ] [ 0.001 , 0.5453  +- 0.2037 ] [ 0.0001 , 0.5124  +- 0.0699 ] 
Epoch: 2
[ 10 , 0.0014  +- 0.003 ] [ 1 , 0.4954  +- 0.0343 ] [ 0.1 , 0.5404  +- 0.1334 ] [ 0.01 , 0.5511  +- 0.1679 ] [ 0.001 , 0.5979  +- 0.2189 ] [ 0.0001 , 0.5167  +- 0.0882 ] 
Epoch: 3
[ 10 , 0.0007  +- 0.0032 ] [ 1 , 0.4069  +- 0.4558 ] [ 0.1 , 0.4968  +- 0.0352 ] [ 0.01 , 0.5  +- 0.0359 ] [ 0.001 , 0.5567  +- 0.1178 ] [ 0.0001 , 0.5188  +- 0.1006 ] 
Epoch: 4
[ 10 , 0.0014  +- 0.003 ] [ 1 , 0.5046  +- 0.0344 ] [ 0.1 , 0.5251  +- 0.1104 ] [ 0.01 , 0.6115  +- 0.1577 ] [ 0.001 , 0.5259  +- 0.1361 ] [ 0.0001 , 0.5195  +- 0.1052 ] 
Epoch: 5
[ 10 , 0.0007  +- 0.0032 ] [ 1 , 0.4076  +- 0.4566 ] [ 0.1 , 0.4954  +- 0.0344 ] [ 0.01 , 0.5322  +- 0.113 ] [ 0.001 , 0.5898  +- 0.2009 ] [ 0.0001 , 0.5174  +- 0.0979 ] 
Epoch: 6
[ 10 , 0.0014  +- 0.003 ] [ 1 , 0.5  +- 0.0359 ] [ 0.1 , 0.5333  +- 0.1731 ] [ 0.01 , 0.5776  +- 0.2174 ] [ 0.001 , 0.5577  +- 0.1948 ] [ 0.0001 , 0.5184  +- 0.0991 ] 
Epoch: 7
[ 10 , 0.0007  +- 0.0032 ] [ 1 , 0.3934  +- 0.4409 ] [ 0.1 , 0.4954  +- 0.0344 ] [ 0.01 , 0.5368  +- 0.2013 ] [ 0.001 , 0.5608  +- 0.1424 ] [ 0.0001 , 0.528  +- 0.1097 ] 
Epoch: 8
[ 10 , 0.0014  +- 0.003 ] [ 1 , 0.412  +- 0.4609 ] [ 0.1 , 0.5308  +- 0.1747 ] [ 0.01 , 0.6144  +- 0.186 ] [ 0.001 , 0.5797  +- 0.167 ] [ 0.0001 , 0.5301  +- 0.1088 ] 
Epoch: 9
[ 10 , 0.0007  +- 0.0032 ] [ 1 , 0.3007  +- 0.5501 ] [ 0.1 , 0.5818  +- 0.1788 ] [ 0.01 , 0.5641  +- 0.2065 ] [ 0.001 , 0.5764  +- 0.2054 ] [ 0.0001 , 0.5355  +- 0.1088 ] 
Epoch: 10
[ 10 , 0.0014  +- 0.003 ] [ 1 , 0.3005  +- 0.5496 ] [ 0.1 , 0.6448  +- 0.1624 ] [ 0.01 , 0.5577  +- 0.1865 ] [ 0.001 , 0.5484  +- 0.1623 ] [ 0.0001 , 0.5405  +- 0.1154 ] 
Max mean accuracy was for  10 epochs, with learning rate 0.1 [ 0.6448 +- 0.1624 ]

For margin = 0.001
Training for epochs =  10 learning rate =  10 Testing on  ['moreData/bt50/CVSplits/training00.data']
Loading...
Loading...
Loading...
Loading...
Loading...
Loading...
Loading...
Loading...
Loading...
Loading...
Training for epochs =  10 learning rate =  10 Testing on  ['moreData/bt50/CVSplits/training01.data']
Loading...
Loading...
Loading...
Loading...
Loading...
Loading...
Loading...
Loading...
Loading...
Loading...
Training for epochs =  10 learning rate =  10 Testing on  ['moreData/bt50/CVSplits/training02.data']
Loading...
Loading...
Loading...
Loading...
Loading...
Loading...
Loading...
Loading...
Loading...
Loading...
Training for epochs =  10 learning rate =  10 Testing on  ['moreData/bt50/CVSplits/training03.data']
Loading...
Loading...
Loading...
Loading...
Loading...
Loading...
Loading...
Loading...
Loading...
Loading...
Training for epochs =  10 learning rate =  10 Testing on  ['moreData/bt50/CVSplits/training04.data']
Loading...
Loading...
Loading...
Loading...
Loading...
Loading...
Loading...
Loading...
Loading...
Loading...
Training for epochs =  10 learning rate =  1 Testing on  ['moreData/bt50/CVSplits/training00.data']
Loading...
Loading...
Loading...
Loading...
Loading...
Loading...
Loading...
Loading...
Loading...
Loading...
Training for epochs =  10 learning rate =  1 Testing on  ['moreData/bt50/CVSplits/training01.data']
Loading...
Loading...
Loading...
Loading...
Loading...
Loading...
Loading...
Loading...
Loading...
Loading...
Training for epochs =  10 learning rate =  1 Testing on  ['moreData/bt50/CVSplits/training02.data']
Loading...
Loading...
Loading...
Loading...
Loading...
Loading...
Loading...
Loading...
Loading...
Loading...
Training for epochs =  10 learning rate =  1 Testing on  ['moreData/bt50/CVSplits/training03.data']
Loading...
Loading...
Loading...
Loading...
Loading...
Loading...
Loading...
Loading...
Loading...
Loading...
Training for epochs =  10 learning rate =  1 Testing on  ['moreData/bt50/CVSplits/training04.data']
Loading...
Loading...
Loading...
Loading...
Loading...
Loading...
Loading...
Loading...
Loading...
Loading...
Training for epochs =  10 learning rate =  0.1 Testing on  ['moreData/bt50/CVSplits/training00.data']
Loading...
Loading...
Loading...
Loading...
Loading...
Loading...
Loading...
Loading...
Loading...
Loading...
Training for epochs =  10 learning rate =  0.1 Testing on  ['moreData/bt50/CVSplits/training01.data']
Loading...
Loading...
Loading...
Loading...
Loading...
Loading...
Loading...
Loading...
Loading...
Loading...
Training for epochs =  10 learning rate =  0.1 Testing on  ['moreData/bt50/CVSplits/training02.data']
Loading...
Loading...
Loading...
Loading...
Loading...
Loading...
Loading...
Loading...
Loading...
Loading...
Training for epochs =  10 learning rate =  0.1 Testing on  ['moreData/bt50/CVSplits/training03.data']
Loading...
Loading...
Loading...
Loading...
Loading...
Loading...
Loading...
Loading...
Loading...
Loading...
Training for epochs =  10 learning rate =  0.1 Testing on  ['moreData/bt50/CVSplits/training04.data']
Loading...
Loading...
Loading...
Loading...
Loading...
Loading...
Loading...
Loading...
Loading...
Loading...
Training for epochs =  10 learning rate =  0.01 Testing on  ['moreData/bt50/CVSplits/training00.data']
Loading...
Loading...
Loading...
Loading...
Loading...
Loading...
Loading...
Loading...
Loading...
Loading...
Training for epochs =  10 learning rate =  0.01 Testing on  ['moreData/bt50/CVSplits/training01.data']
Loading...
Loading...
Loading...
Loading...
Loading...
Loading...
Loading...
Loading...
Loading...
Loading...
Training for epochs =  10 learning rate =  0.01 Testing on  ['moreData/bt50/CVSplits/training02.data']
Loading...
Loading...
Loading...
Loading...
Loading...
Loading...
Loading...
Loading...
Loading...
Loading...
Training for epochs =  10 learning rate =  0.01 Testing on  ['moreData/bt50/CVSplits/training03.data']
Loading...
Loading...
Loading...
Loading...
Loading...
Loading...
Loading...
Loading...
Loading...
Loading...
Training for epochs =  10 learning rate =  0.01 Testing on  ['moreData/bt50/CVSplits/training04.data']
Loading...
Loading...
Loading...
Loading...
Loading...
Loading...
Loading...
Loading...
Loading...
Loading...
Training for epochs =  10 learning rate =  0.001 Testing on  ['moreData/bt50/CVSplits/training00.data']
Loading...
Loading...
Loading...
Loading...
Loading...
Loading...
Loading...
Loading...
Loading...
Loading...
Training for epochs =  10 learning rate =  0.001 Testing on  ['moreData/bt50/CVSplits/training01.data']
Loading...
Loading...
Loading...
Loading...
Loading...
Loading...
Loading...
Loading...
Loading...
Loading...
Training for epochs =  10 learning rate =  0.001 Testing on  ['moreData/bt50/CVSplits/training02.data']
Loading...
Loading...
Loading...
Loading...
Loading...
Loading...
Loading...
Loading...
Loading...
Loading...
Training for epochs =  10 learning rate =  0.001 Testing on  ['moreData/bt50/CVSplits/training03.data']
Loading...
Loading...
Loading...
Loading...
Loading...
Loading...
Loading...
Loading...
Loading...
Loading...
Training for epochs =  10 learning rate =  0.001 Testing on  ['moreData/bt50/CVSplits/training04.data']
Loading...
Loading...
Loading...
Loading...
Loading...
Loading...
Loading...
Loading...
Loading...
Loading...
Training for epochs =  10 learning rate =  0.0001 Testing on  ['moreData/bt50/CVSplits/training00.data']
Loading...
Loading...
Loading...
Loading...
Loading...
Loading...
Loading...
Loading...
Loading...
Loading...
Training for epochs =  10 learning rate =  0.0001 Testing on  ['moreData/bt50/CVSplits/training01.data']
Loading...
Loading...
Loading...
Loading...
Loading...
Loading...
Loading...
Loading...
Loading...
Loading...
Training for epochs =  10 learning rate =  0.0001 Testing on  ['moreData/bt50/CVSplits/training02.data']
Loading...
Loading...
Loading...
Loading...
Loading...
Loading...
Loading...
Loading...
Loading...
Loading...
Training for epochs =  10 learning rate =  0.0001 Testing on  ['moreData/bt50/CVSplits/training03.data']
Loading...
Loading...
Loading...
Loading...
Loading...
Loading...
Loading...
Loading...
Loading...
Loading...
Training for epochs =  10 learning rate =  0.0001 Testing on  ['moreData/bt50/CVSplits/training04.data']
Loading...
Loading...
Loading...
Loading...
Loading...
Loading...
Loading...
Loading...
Loading...
Loading...
Epoch: 1
[ 10 , 0.0  +- 0.0 ] [ 1 , 0.4851  +- 0.0133 ] [ 0.1 , 0.5397  +- 0.1571 ] [ 0.01 , 0.5492  +- 0.1797 ] [ 0.001 , 0.551  +- 0.1311 ] [ 0.0001 , 0.544  +- 0.2113 ] 
Epoch: 2
[ 10 , 0.0  +- 0.0 ] [ 1 , 0.5071  +- 0.0321 ] [ 0.1 , 0.4968  +- 0.0352 ] [ 0.01 , 0.5322  +- 0.1568 ] [ 0.001 , 0.5322  +- 0.1568 ] [ 0.0001 , 0.5529  +- 0.2042 ] 
Epoch: 3
[ 10 , 0.0  +- 0.0 ] [ 1 , 0.5046  +- 0.0344 ] [ 0.1 , 0.5372  +- 0.1785 ] [ 0.01 , 0.5445  +- 0.2171 ] [ 0.001 , 0.523  +- 0.117 ] [ 0.0001 , 0.559  +- 0.2031 ] 
Epoch: 4
[ 10 , 0.0  +- 0.0 ] [ 1 , 0.5011  +- 0.0358 ] [ 0.1 , 0.5344  +- 0.1943 ] [ 0.01 , 0.5467  +- 0.1284 ] [ 0.001 , 0.5567  +- 0.1629 ] [ 0.0001 , 0.5668  +- 0.2066 ] 
Epoch: 5
[ 10 , 0.0  +- 0.0 ] [ 1 , 0.5103  +- 0.0275 ] [ 0.1 , 0.5071  +- 0.0321 ] [ 0.01 , 0.5  +- 0.0359 ] [ 0.001 , 0.528  +- 0.1446 ] [ 0.0001 , 0.58  +- 0.1734 ] 
Epoch: 6
[ 10 , 0.0  +- 0.0 ] [ 1 , 0.5032  +- 0.0352 ] [ 0.1 , 0.4989  +- 0.0371 ] [ 0.01 , 0.5063  +- 0.1033 ] [ 0.001 , 0.5911  +- 0.1957 ] [ 0.0001 , 0.59  +- 0.1614 ] 
Epoch: 7
[ 10 , 0.0  +- 0.0 ] [ 1 , 0.5149  +- 0.0133 ] [ 0.1 , 0.5011  +- 0.0358 ] [ 0.01 , 0.5529  +- 0.1732 ] [ 0.001 , 0.5706  +- 0.2215 ] [ 0.0001 , 0.604  +- 0.153 ] 
Epoch: 8
[ 10 , 0.0  +- 0.0 ] [ 1 , 0.4943  +- 0.0335 ] [ 0.1 , 0.5301  +- 0.1847 ] [ 0.01 , 0.5266  +- 0.1392 ] [ 0.001 , 0.5521  +- 0.1866 ] [ 0.0001 , 0.6182  +- 0.1389 ] 
Epoch: 9
[ 10 , 0.0  +- 0.0 ] [ 1 , 0.4851  +- 0.0133 ] [ 0.1 , 0.494  +- 0.0333 ] [ 0.01 , 0.5543  +- 0.1895 ] [ 0.001 , 0.5849  +- 0.1882 ] [ 0.0001 , 0.6259  +- 0.1498 ] 
Epoch: 10
[ 10 , 0.0  +- 0.0 ] [ 1 , 0.5092  +- 0.0294 ] [ 0.1 , 0.4908  +- 0.0294 ] [ 0.01 , 0.494  +- 0.0333 ] [ 0.001 , 0.5345  +- 0.1018 ] [ 0.0001 , 0.6064  +- 0.142 ] 
Max mean accuracy was for  9 epochs, with learning rate 0.0001 [ 0.6259 +- 0.1498 ]

For margin = 0.0001
Training for epochs =  10 learning rate =  10 Testing on  ['moreData/bt50/CVSplits/training00.data']
Loading...
Loading...
Loading...
Loading...
Loading...
Loading...
Loading...
Loading...
Loading...
Loading...
Training for epochs =  10 learning rate =  10 Testing on  ['moreData/bt50/CVSplits/training01.data']
Loading...
Loading...
Loading...
Loading...
Loading...
Loading...
Loading...
Loading...
Loading...
Loading...
Training for epochs =  10 learning rate =  10 Testing on  ['moreData/bt50/CVSplits/training02.data']
Loading...
Loading...
Loading...
Loading...
Loading...
Loading...
Loading...
Loading...
Loading...
Loading...
Training for epochs =  10 learning rate =  10 Testing on  ['moreData/bt50/CVSplits/training03.data']
Loading...
Loading...
Loading...
Loading...
Loading...
Loading...
Loading...
Loading...
Loading...
Loading...
Training for epochs =  10 learning rate =  10 Testing on  ['moreData/bt50/CVSplits/training04.data']
Loading...
Loading...
Loading...
Loading...
Loading...
Loading...
Loading...
Loading...
Loading...
Loading...
Training for epochs =  10 learning rate =  1 Testing on  ['moreData/bt50/CVSplits/training00.data']
Loading...
Loading...
Loading...
Loading...
Loading...
Loading...
Loading...
Loading...
Loading...
Loading...
Training for epochs =  10 learning rate =  1 Testing on  ['moreData/bt50/CVSplits/training01.data']
Loading...
Loading...
Loading...
Loading...
Loading...
Loading...
Loading...
Loading...
Loading...
Loading...
Training for epochs =  10 learning rate =  1 Testing on  ['moreData/bt50/CVSplits/training02.data']
Loading...
Loading...
Loading...
Loading...
Loading...
Loading...
Loading...
Loading...
Loading...
Loading...
Training for epochs =  10 learning rate =  1 Testing on  ['moreData/bt50/CVSplits/training03.data']
Loading...
Loading...
Loading...
Loading...
Loading...
Loading...
Loading...
Loading...
Loading...
Loading...
Training for epochs =  10 learning rate =  1 Testing on  ['moreData/bt50/CVSplits/training04.data']
Loading...
Loading...
Loading...
Loading...
Loading...
Loading...
Loading...
Loading...
Loading...
Loading...
Training for epochs =  10 learning rate =  0.1 Testing on  ['moreData/bt50/CVSplits/training00.data']
Loading...
Loading...
Loading...
Loading...
Loading...
Loading...
Loading...
Loading...
Loading...
Loading...
Training for epochs =  10 learning rate =  0.1 Testing on  ['moreData/bt50/CVSplits/training01.data']
Loading...
Loading...
Loading...
Loading...
Loading...
Loading...
Loading...
Loading...
Loading...
Loading...
Training for epochs =  10 learning rate =  0.1 Testing on  ['moreData/bt50/CVSplits/training02.data']
Loading...
Loading...
Loading...
Loading...
Loading...
Loading...
Loading...
Loading...
Loading...
Loading...
Training for epochs =  10 learning rate =  0.1 Testing on  ['moreData/bt50/CVSplits/training03.data']
Loading...
Loading...
Loading...
Loading...
Loading...
Loading...
Loading...
Loading...
Loading...
Loading...
Training for epochs =  10 learning rate =  0.1 Testing on  ['moreData/bt50/CVSplits/training04.data']
Loading...
Loading...
Loading...
Loading...
Loading...
Loading...
Loading...
Loading...
Loading...
Loading...
Training for epochs =  10 learning rate =  0.01 Testing on  ['moreData/bt50/CVSplits/training00.data']
Loading...
Loading...
Loading...
Loading...
Loading...
Loading...
Loading...
Loading...
Loading...
Loading...
Training for epochs =  10 learning rate =  0.01 Testing on  ['moreData/bt50/CVSplits/training01.data']
Loading...
Loading...
Loading...
Loading...
Loading...
Loading...
Loading...
Loading...
Loading...
Loading...
Training for epochs =  10 learning rate =  0.01 Testing on  ['moreData/bt50/CVSplits/training02.data']
Loading...
Loading...
Loading...
Loading...
Loading...
Loading...
Loading...
Loading...
Loading...
Loading...
Training for epochs =  10 learning rate =  0.01 Testing on  ['moreData/bt50/CVSplits/training03.data']
Loading...
Loading...
Loading...
Loading...
Loading...
Loading...
Loading...
Loading...
Loading...
Loading...
Training for epochs =  10 learning rate =  0.01 Testing on  ['moreData/bt50/CVSplits/training04.data']
Loading...
Loading...
Loading...
Loading...
Loading...
Loading...
Loading...
Loading...
Loading...
Loading...
Training for epochs =  10 learning rate =  0.001 Testing on  ['moreData/bt50/CVSplits/training00.data']
Loading...
Loading...
Loading...
Loading...
Loading...
Loading...
Loading...
Loading...
Loading...
Loading...
Training for epochs =  10 learning rate =  0.001 Testing on  ['moreData/bt50/CVSplits/training01.data']
Loading...
Loading...
Loading...
Loading...
Loading...
Loading...
Loading...
Loading...
Loading...
Loading...
Training for epochs =  10 learning rate =  0.001 Testing on  ['moreData/bt50/CVSplits/training02.data']
Loading...
Loading...
Loading...
Loading...
Loading...
Loading...
Loading...
Loading...
Loading...
Loading...
Training for epochs =  10 learning rate =  0.001 Testing on  ['moreData/bt50/CVSplits/training03.data']
Loading...
Loading...
Loading...
Loading...
Loading...
Loading...
Loading...
Loading...
Loading...
Loading...
Training for epochs =  10 learning rate =  0.001 Testing on  ['moreData/bt50/CVSplits/training04.data']
Loading...
Loading...
Loading...
Loading...
Loading...
Loading...
Loading...
Loading...
Loading...
Loading...
Training for epochs =  10 learning rate =  0.0001 Testing on  ['moreData/bt50/CVSplits/training00.data']
Loading...
Loading...
Loading...
Loading...
Loading...
Loading...
Loading...
Loading...
Loading...
Loading...
Training for epochs =  10 learning rate =  0.0001 Testing on  ['moreData/bt50/CVSplits/training01.data']
Loading...
Loading...
Loading...
Loading...
Loading...
Loading...
Loading...
Loading...
Loading...
Loading...
Training for epochs =  10 learning rate =  0.0001 Testing on  ['moreData/bt50/CVSplits/training02.data']
Loading...
Loading...
Loading...
Loading...
Loading...
Loading...
Loading...
Loading...
Loading...
Loading...
Training for epochs =  10 learning rate =  0.0001 Testing on  ['moreData/bt50/CVSplits/training03.data']
Loading...
Loading...
Loading...
Loading...
Loading...
Loading...
Loading...
Loading...
Loading...
Loading...
Training for epochs =  10 learning rate =  0.0001 Testing on  ['moreData/bt50/CVSplits/training04.data']
Loading...
Loading...
Loading...
Loading...
Loading...
Loading...
Loading...
Loading...
Loading...
Loading...
Epoch: 1
[ 10 , 0.0  +- 0.0 ] [ 1 , 0.4954  +- 0.0343 ] [ 0.1 , 0.4943  +- 0.0335 ] [ 0.01 , 0.5846  +- 0.1784 ] [ 0.001 , 0.5443  +- 0.1534 ] [ 0.0001 , 0.4887  +- 0.144 ] 
Epoch: 2
[ 10 , 0.0  +- 0.0 ] [ 1 , 0.5032  +- 0.0352 ] [ 0.1 , 0.5046  +- 0.0343 ] [ 0.01 , 0.5613  +- 0.1993 ] [ 0.001 , 0.6056  +- 0.2292 ] [ 0.0001 , 0.488  +- 0.1445 ] 
Epoch: 3
[ 10 , 0.0  +- 0.0 ] [ 1 , 0.5043  +- 0.0346 ] [ 0.1 , 0.541  +- 0.2015 ] [ 0.01 , 0.5685  +- 0.1807 ] [ 0.001 , 0.5666  +- 0.2056 ] [ 0.0001 , 0.488  +- 0.1445 ] 
Epoch: 4
[ 10 , 0.0  +- 0.0 ] [ 1 , 0.4985  +- 0.0357 ] [ 0.1 , 0.5  +- 0.0359 ] [ 0.01 , 0.494  +- 0.0333 ] [ 0.001 , 0.5994  +- 0.2279 ] [ 0.0001 , 0.4884  +- 0.1501 ] 
Epoch: 5
[ 10 , 0.0  +- 0.0 ] [ 1 , 0.5046  +- 0.0344 ] [ 0.1 , 0.4986  +- 0.0357 ] [ 0.01 , 0.6287  +- 0.2349 ] [ 0.001 , 0.5147  +- 0.0776 ] [ 0.0001 , 0.4912  +- 0.1413 ] 
Epoch: 6
[ 10 , 0.0  +- 0.0 ] [ 1 , 0.4954  +- 0.0344 ] [ 0.1 , 0.4989  +- 0.0358 ] [ 0.01 , 0.5899  +- 0.2239 ] [ 0.001 , 0.562  +- 0.1695 ] [ 0.0001 , 0.4933  +- 0.1402 ] 
Epoch: 7
[ 10 , 0.0  +- 0.0 ] [ 1 , 0.5103  +- 0.0275 ] [ 0.1 , 0.5059  +- 0.0945 ] [ 0.01 , 0.5167  +- 0.07 ] [ 0.001 , 0.5702  +- 0.186 ] [ 0.0001 , 0.4962  +- 0.1415 ] 
Epoch: 8
[ 10 , 0.0  +- 0.0 ] [ 1 , 0.4954  +- 0.0344 ] [ 0.1 , 0.6055  +- 0.1689 ] [ 0.01 , 0.5101  +- 0.0688 ] [ 0.001 , 0.5446  +- 0.1523 ] [ 0.0001 , 0.499  +- 0.1394 ] 
Epoch: 9
[ 10 , 0.0  +- 0.0 ] [ 1 , 0.5071  +- 0.0321 ] [ 0.1 , 0.5293  +- 0.1502 ] [ 0.01 , 0.5747  +- 0.1663 ] [ 0.001 , 0.5344  +- 0.1729 ] [ 0.0001 , 0.5015  +- 0.143 ] 
Epoch: 10
[ 10 , 0.0  +- 0.0 ] [ 1 , 0.4968  +- 0.0352 ] [ 0.1 , 0.5452  +- 0.1507 ] [ 0.01 , 0.494  +- 0.0333 ] [ 0.001 , 0.5849  +- 0.1893 ] [ 0.0001 , 0.5075  +- 0.1343 ] 
Max mean accuracy was for  5 epochs, with learning rate 0.01 [ 0.6287 +- 0.2349 ]
Cross validating for 100 Folder moreData/bt100/

For margin = 10
Training for epochs =  10 learning rate =  10 Testing on  ['moreData/bt100/CVSplits/training00.data']
Loading...
Loading...
Loading...
Loading...
Loading...
Loading...
Loading...
Loading...
Loading...
Loading...
Training for epochs =  10 learning rate =  10 Testing on  ['moreData/bt100/CVSplits/training01.data']
Loading...
Loading...
Loading...
Loading...
Loading...
Loading...
Loading...
Loading...
Loading...
Loading...
Training for epochs =  10 learning rate =  10 Testing on  ['moreData/bt100/CVSplits/training02.data']
Loading...
Loading...
Loading...
Loading...
Loading...
Loading...
Loading...
Loading...
Loading...
Loading...
Training for epochs =  10 learning rate =  10 Testing on  ['moreData/bt100/CVSplits/training03.data']
Loading...
Loading...
Loading...
Loading...
Loading...
Loading...
Loading...
Loading...
Loading...
Loading...
Training for epochs =  10 learning rate =  10 Testing on  ['moreData/bt100/CVSplits/training04.data']
Loading...
Loading...
Loading...
Loading...
Loading...
Loading...
Loading...
Loading...
Loading...
Loading...
Training for epochs =  10 learning rate =  1 Testing on  ['moreData/bt100/CVSplits/training00.data']
Loading...
Loading...
Loading...
Loading...
Loading...
Loading...
Loading...
Loading...
Loading...
Loading...
Training for epochs =  10 learning rate =  1 Testing on  ['moreData/bt100/CVSplits/training01.data']
Loading...
Loading...
Loading...
Loading...
Loading...
Loading...
Loading...
Loading...
Loading...
Loading...
Training for epochs =  10 learning rate =  1 Testing on  ['moreData/bt100/CVSplits/training02.data']
Loading...
Loading...
Loading...
Loading...
Loading...
Loading...
Loading...
Loading...
Loading...
Loading...
Training for epochs =  10 learning rate =  1 Testing on  ['moreData/bt100/CVSplits/training03.data']
Loading...
Loading...
Loading...
Loading...
Loading...
Loading...
Loading...
Loading...
Loading...
Loading...
Training for epochs =  10 learning rate =  1 Testing on  ['moreData/bt100/CVSplits/training04.data']
Loading...
Loading...
Loading...
Loading...
Loading...
Loading...
Loading...
Loading...
Loading...
Loading...
Training for epochs =  10 learning rate =  0.1 Testing on  ['moreData/bt100/CVSplits/training00.data']
Loading...
Loading...
Loading...
Loading...
Loading...
Loading...
Loading...
Loading...
Loading...
Loading...
Training for epochs =  10 learning rate =  0.1 Testing on  ['moreData/bt100/CVSplits/training01.data']
Loading...
Loading...
Loading...
Loading...
Loading...
Loading...
Loading...
Loading...
Loading...
Loading...
Training for epochs =  10 learning rate =  0.1 Testing on  ['moreData/bt100/CVSplits/training02.data']
Loading...
Loading...
Loading...
Loading...
Loading...
Loading...
Loading...
Loading...
Loading...
Loading...
Training for epochs =  10 learning rate =  0.1 Testing on  ['moreData/bt100/CVSplits/training03.data']
Loading...
Loading...
Loading...
Loading...
Loading...
Loading...
Loading...
Loading...
Loading...
Loading...
Training for epochs =  10 learning rate =  0.1 Testing on  ['moreData/bt100/CVSplits/training04.data']
Loading...
Loading...
Loading...
Loading...
Loading...
Loading...
Loading...
Loading...
Loading...
Loading...
Training for epochs =  10 learning rate =  0.01 Testing on  ['moreData/bt100/CVSplits/training00.data']
Loading...
Loading...
Loading...
Loading...
Loading...
Loading...
Loading...
Loading...
Loading...
Loading...
Training for epochs =  10 learning rate =  0.01 Testing on  ['moreData/bt100/CVSplits/training01.data']
Loading...
Loading...
Loading...
Loading...
Loading...
Loading...
Loading...
Loading...
Loading...
Loading...
Training for epochs =  10 learning rate =  0.01 Testing on  ['moreData/bt100/CVSplits/training02.data']
Loading...
Loading...
Loading...
Loading...
Loading...
Loading...
Loading...
Loading...
Loading...
Loading...
Training for epochs =  10 learning rate =  0.01 Testing on  ['moreData/bt100/CVSplits/training03.data']
Loading...
Loading...
Loading...
Loading...
Loading...
Loading...
Loading...
Loading...
Loading...
Loading...
Training for epochs =  10 learning rate =  0.01 Testing on  ['moreData/bt100/CVSplits/training04.data']
Loading...
Loading...
Loading...
Loading...
Loading...
Loading...
Loading...
Loading...
Loading...
Loading...
Training for epochs =  10 learning rate =  0.001 Testing on  ['moreData/bt100/CVSplits/training00.data']
Loading...
Loading...
Loading...
Loading...
Loading...
Loading...
Loading...
Loading...
Loading...
Loading...
Training for epochs =  10 learning rate =  0.001 Testing on  ['moreData/bt100/CVSplits/training01.data']
Loading...
Loading...
Loading...
Loading...
Loading...
Loading...
Loading...
Loading...
Loading...
Loading...
Training for epochs =  10 learning rate =  0.001 Testing on  ['moreData/bt100/CVSplits/training02.data']
Loading...
Loading...
Loading...
Loading...
Loading...
Loading...
Loading...
Loading...
Loading...
Loading...
Training for epochs =  10 learning rate =  0.001 Testing on  ['moreData/bt100/CVSplits/training03.data']
Loading...
Loading...
Loading...
Loading...
Loading...
Loading...
Loading...
Loading...
Loading...
Loading...
Training for epochs =  10 learning rate =  0.001 Testing on  ['moreData/bt100/CVSplits/training04.data']
Loading...
Loading...
Loading...
Loading...
Loading...
Loading...
Loading...
Loading...
Loading...
Loading...
Training for epochs =  10 learning rate =  0.0001 Testing on  ['moreData/bt100/CVSplits/training00.data']
Loading...
Loading...
Loading...
Loading...
Loading...
Loading...
Loading...
Loading...
Loading...
Loading...
Training for epochs =  10 learning rate =  0.0001 Testing on  ['moreData/bt100/CVSplits/training01.data']
Loading...
Loading...
Loading...
Loading...
Loading...
Loading...
Loading...
Loading...
Loading...
Loading...
Training for epochs =  10 learning rate =  0.0001 Testing on  ['moreData/bt100/CVSplits/training02.data']
Loading...
Loading...
Loading...
Loading...
Loading...
Loading...
Loading...
Loading...
Loading...
Loading...
Training for epochs =  10 learning rate =  0.0001 Testing on  ['moreData/bt100/CVSplits/training03.data']
Loading...
Loading...
Loading...
Loading...
Loading...
Loading...
Loading...
Loading...
Loading...
Loading...
Training for epochs =  10 learning rate =  0.0001 Testing on  ['moreData/bt100/CVSplits/training04.data']
Loading...
Loading...
Loading...
Loading...
Loading...
Loading...
Loading...
Loading...
Loading...
Loading...
Epoch: 1
[ 10 , 0.0269  +- 0.0603 ] [ 1 , 0.5061  +- 0.0444 ] [ 0.1 , 0.5118  +- 0.0383 ] [ 0.01 , 0.6169  +- 0.1863 ] [ 0.001 , 0.6989  +- 0.2029 ] [ 0.0001 , 0.7201  +- 0.1351 ] 
Epoch: 2
[ 10 , 0.0262  +- 0.0558 ] [ 1 , 0.4052  +- 0.4552 ] [ 0.1 , 0.4907  +- 0.0416 ] [ 0.01 , 0.6457  +- 0.259 ] [ 0.001 , 0.6927  +- 0.1778 ] [ 0.0001 , 0.7471  +- 0.0938 ] 
Epoch: 3
[ 10 , 0.0269  +- 0.0603 ] [ 1 , 0.1955  +- 0.5366 ] [ 0.1 , 0.5698  +- 0.1163 ] [ 0.01 , 0.5247  +- 0.1985 ] [ 0.001 , 0.5861  +- 0.1722 ] [ 0.0001 , 0.746  +- 0.0874 ] 
Epoch: 4
[ 10 , 0.0262  +- 0.0558 ] [ 1 , 0.1965  +- 0.5398 ] [ 0.1 , 0.5519  +- 0.185 ] [ 0.01 , 0.5783  +- 0.1755 ] [ 0.001 , 0.6385  +- 0.2154 ] [ 0.0001 , 0.752  +- 0.0378 ] 
Epoch: 5
[ 10 , 0.0269  +- 0.0603 ] [ 1 , 0.5033  +- 0.0459 ] [ 0.1 , 0.5793  +- 0.2277 ] [ 0.01 , 0.5934  +- 0.2425 ] [ 0.001 , 0.7302  +- 0.0548 ] [ 0.0001 , 0.7501  +- 0.0651 ] 
Epoch: 6
[ 10 , 0.0262  +- 0.0558 ] [ 1 , 0.3086  +- 0.5647 ] [ 0.1 , 0.5197  +- 0.1359 ] [ 0.01 , 0.5965  +- 0.2049 ] [ 0.001 , 0.6886  +- 0.1734 ] [ 0.0001 , 0.7683  +- 0.0559 ] 
Epoch: 7
[ 10 , 0.0269  +- 0.0603 ] [ 1 , 0.4886  +- 0.0388 ] [ 0.1 , 0.5104  +- 0.0573 ] [ 0.01 , 0.5703  +- 0.2176 ] [ 0.001 , 0.673  +- 0.1985 ] [ 0.0001 , 0.7392  +- 0.0496 ] 
Epoch: 8
[ 10 , 0.0262  +- 0.0558 ] [ 1 , 0.387  +- 0.4339 ] [ 0.1 , 0.532  +- 0.0718 ] [ 0.01 , 0.5987  +- 0.2448 ] [ 0.001 , 0.6426  +- 0.2518 ] [ 0.0001 , 0.7477  +- 0.0936 ] 
Epoch: 9
[ 10 , 0.0269  +- 0.0603 ] [ 1 , 0.5058  +- 0.0446 ] [ 0.1 , 0.5118  +- 0.0383 ] [ 0.01 , 0.6247  +- 0.1904 ] [ 0.001 , 0.7282  +- 0.0785 ] [ 0.0001 , 0.7623  +- 0.0551 ] 
Epoch: 10
[ 10 , 0.0262  +- 0.0558 ] [ 1 , 0.5001  +- 0.0465 ] [ 0.1 , 0.5089  +- 0.0419 ] [ 0.01 , 0.6481  +- 0.0799 ] [ 0.001 , 0.6029  +- 0.2449 ] [ 0.0001 , 0.7552  +- 0.0233 ] 
Max mean accuracy was for  6 epochs, with learning rate 0.0001 [ 0.7683 +- 0.0559 ]

For margin = 1
Training for epochs =  10 learning rate =  10 Testing on  ['moreData/bt100/CVSplits/training00.data']
Loading...
Loading...
Loading...
Loading...
Loading...
Loading...
Loading...
Loading...
Loading...
Loading...
Training for epochs =  10 learning rate =  10 Testing on  ['moreData/bt100/CVSplits/training01.data']
Loading...
Loading...
Loading...
Loading...
Loading...
Loading...
Loading...
Loading...
Loading...
Loading...
Training for epochs =  10 learning rate =  10 Testing on  ['moreData/bt100/CVSplits/training02.data']
Loading...
Loading...
Loading...
Loading...
Loading...
Loading...
Loading...
Loading...
Loading...
Loading...
Training for epochs =  10 learning rate =  10 Testing on  ['moreData/bt100/CVSplits/training03.data']
Loading...
Loading...
Loading...
Loading...
Loading...
Loading...
Loading...
Loading...
Loading...
Loading...
Training for epochs =  10 learning rate =  10 Testing on  ['moreData/bt100/CVSplits/training04.data']
Loading...
Loading...
Loading...
Loading...
Loading...
Loading...
Loading...
Loading...
Loading...
Loading...
Training for epochs =  10 learning rate =  1 Testing on  ['moreData/bt100/CVSplits/training00.data']
Loading...
Loading...
Loading...
Loading...
Loading...
Loading...
Loading...
Loading...
Loading...
Loading...
Training for epochs =  10 learning rate =  1 Testing on  ['moreData/bt100/CVSplits/training01.data']
Loading...
Loading...
Loading...
Loading...
Loading...
Loading...
Loading...
Loading...
Loading...
Loading...
Training for epochs =  10 learning rate =  1 Testing on  ['moreData/bt100/CVSplits/training02.data']
Loading...
Loading...
Loading...
Loading...
Loading...
Loading...
Loading...
Loading...
Loading...
Loading...
Training for epochs =  10 learning rate =  1 Testing on  ['moreData/bt100/CVSplits/training03.data']
Loading...
Loading...
Loading...
Loading...
Loading...
Loading...
Loading...
Loading...
Loading...
Loading...
Training for epochs =  10 learning rate =  1 Testing on  ['moreData/bt100/CVSplits/training04.data']
Loading...
Loading...
Loading...
Loading...
Loading...
Loading...
Loading...
Loading...
Loading...
Loading...
Training for epochs =  10 learning rate =  0.1 Testing on  ['moreData/bt100/CVSplits/training00.data']
Loading...
Loading...
Loading...
Loading...
Loading...
Loading...
Loading...
Loading...
Loading...
Loading...
Training for epochs =  10 learning rate =  0.1 Testing on  ['moreData/bt100/CVSplits/training01.data']
Loading...
Loading...
Loading...
Loading...
Loading...
Loading...
Loading...
Loading...
Loading...
Loading...
Training for epochs =  10 learning rate =  0.1 Testing on  ['moreData/bt100/CVSplits/training02.data']
Loading...
Loading...
Loading...
Loading...
Loading...
Loading...
Loading...
Loading...
Loading...
Loading...
Training for epochs =  10 learning rate =  0.1 Testing on  ['moreData/bt100/CVSplits/training03.data']
Loading...
Loading...
Loading...
Loading...
Loading...
Loading...
Loading...
Loading...
Loading...
Loading...
Training for epochs =  10 learning rate =  0.1 Testing on  ['moreData/bt100/CVSplits/training04.data']
Loading...
Loading...
Loading...
Loading...
Loading...
Loading...
Loading...
Loading...
Loading...
Loading...
Training for epochs =  10 learning rate =  0.01 Testing on  ['moreData/bt100/CVSplits/training00.data']
Loading...
Loading...
Loading...
Loading...
Loading...
Loading...
Loading...
Loading...
Loading...
Loading...
Training for epochs =  10 learning rate =  0.01 Testing on  ['moreData/bt100/CVSplits/training01.data']
Loading...
Loading...
Loading...
Loading...
Loading...
Loading...
Loading...
Loading...
Loading...
Loading...
Training for epochs =  10 learning rate =  0.01 Testing on  ['moreData/bt100/CVSplits/training02.data']
Loading...
Loading...
Loading...
Loading...
Loading...
Loading...
Loading...
Loading...
Loading...
Loading...
Training for epochs =  10 learning rate =  0.01 Testing on  ['moreData/bt100/CVSplits/training03.data']
Loading...
Loading...
Loading...
Loading...
Loading...
Loading...
Loading...
Loading...
Loading...
Loading...
Training for epochs =  10 learning rate =  0.01 Testing on  ['moreData/bt100/CVSplits/training04.data']
Loading...
Loading...
Loading...
Loading...
Loading...
Loading...
Loading...
Loading...
Loading...
Loading...
Training for epochs =  10 learning rate =  0.001 Testing on  ['moreData/bt100/CVSplits/training00.data']
Loading...
Loading...
Loading...
Loading...
Loading...
Loading...
Loading...
Loading...
Loading...
Loading...
Training for epochs =  10 learning rate =  0.001 Testing on  ['moreData/bt100/CVSplits/training01.data']
Loading...
Loading...
Loading...
Loading...
Loading...
Loading...
Loading...
Loading...
Loading...
Loading...
Training for epochs =  10 learning rate =  